Check Payment Inited...!<br>
2016-12-06 04:00:01am
<br>Client without ORDER KEY!!!: Alberto Reyes (id: 1)<br>

<br>Client without ORDER KEY!!!: JOSE RAMON (id: 2)<br>

<br>Client without ORDER KEY!!!: Pedro Petti (id: 3)<br>

<br>Client in day: Marbesth - Claudia Bestetti (id: 40)<br>

<br>Client in day: Vânia Petti (id: 43)<br>

<br>Client in day: COACH JEFF CAMPOS (id: 49)<br>

<br>Client in day: Crie seu Aplicativo Mobile ???? (id: 56)<br>

<br>Client in day: Thiago (id: 59)<br>

<br>Client in day: micmic acessórios (id: 60)<br>

<br>Client in day: Droneboy.tv (id: 63)<br>

<br>Client without ORDER KEY!!!: Tompson Ranieri (id: 66)<br>

<br>Client in day: Juliana D'Agostini (id: 68)<br>

<br>Client in day: Programa Hashtag (id: 69)<br>

<br>Client in day: DJRuivo Rhuivo (id: 75)<br>

<br>Client in day: Balada Uberlândia (id: 76)<br>

<br>Client in day: Equilibrium Activewear (id: 78)<br>

<br>Client in day: Uberlândia Show (id: 79)<br>

<br>Client in day: Sandro Giovannone (id: 81)<br>

<br>Client in day: Calle América (id: 84)<br>

<br>Client in day: Guru do Sucesso ???? (id: 85)<br>

<br>Client in day: Xanda Fogaça ???? (id: 86)<br>

<br>Client in day: Monize Taniguti (id: 93)<br>

<br>Client in day: Nanda (id: 96)<br>

<br>Client in day: Jacqueline Heyek ???? (id: 104)<br>

<br>Client in day: Homem Conceitual ® (id: 111)<br>

<br>Client in day: Santa Temakeria Restaurante (id: 114)<br>

<br>Client in day: Jan de Oliveira (id: 117)<br>

<br>Client in day: Jan De Oliveira Marques???? (id: 119)<br>

<br>Client in day: Mariah????Orientação Espiritual???? (id: 120)<br>

<br>Client in day: Vinnie Veríssimo ???? (id: 121)<br>

<br>Client in day: Doradoralice (id: 122)<br>

<br>Client in day: Gracia Alonso Plus (id: 124)<br>

<br>Client in day: Centro Estético Amanda Maira (id: 125)<br>

<br>Client in day: Invitt (id: 128)<br>

<br>Client in day: A vida é Florida (id: 130)<br>

<br>Client without ORDER KEY!!!: DANILO (id: 131)<br>

<br>Client in day: Noiva em Forma ???? (id: 139)<br>

<br>Client in day: Alínea Comunicação (id: 141)<br>

<br>Client in day: João Vitor &  Edson (id: 142)<br>

<br>Client in day: Dona Fina (id: 145)<br>

<br>Client in day: Auê Promoções (id: 146)<br>

<br>Client in day: Rodrigo Bering (id: 149)<br>

<br>Client in day: Jeunesse_bycrislafratta (id: 154)<br>

<br>Client in day: Personal Trainer Carol Ribas (id: 168)<br>

<br>Client in day: Designer de Interiores (id: 169)<br>

<br>Client in day: Polpa Sempre Viva (id: 179)<br>

<br>Client in day: BoateBus Felippetur (id: 182)<br>

<br>Client in day: ?????Samilly Freitas???? (id: 183)<br>

<br>Client in day: WonderBloggers (id: 192)<br>

<br>Client in day: iClothes Store (id: 204)<br>

<br>Client in day: Paulo Orenbuch Hendel (id: 207)<br>

<br>Client in day:  (id: 215)<br>

<br>Client in day: Valentina e os Animais (id: 225)<br>

<br>Client in day: Arisson Raiol (id: 229)<br>

<br>Client in day: POWERLOOK Vestidos de Festa (id: 234)<br>

<br>Client in day: Mariana Rizzardi (id: 237)<br>

<br>Client in day: Implante Rio (id: 240)<br>

<br>Client in day: Dr. Rafael Rezende (id: 243)<br>

<br>Client in day: Xodozinho Retratos (id: 245)<br>

<br>Client in day: Carol d'Avila (id: 249)<br>

<br>Client in day: Massagens orientais???????????? (id: 255)<br>


<br>Job Done!2016-12-06 04:01:04am

