Worker-Robot Leads Inited...!<br>
2018-05-19 02:01:44am<br />
<font size='1'><table class='xdebug-error xe-warning' dir='ltr' border='1' cellspacing='0' cellpadding='1'>
<tr><th align='left' bgcolor='#f57900' colspan="5"><span style='background-color: #cc0000; color: #fce94f; font-size: x-large;'>( ! )</span> Warning: chmod(): Operação não permitida in /opt/lampp/htdocs/leads/worker/externals/vendor/mgp25/instagram-php/src/Utils.php on line <i>926</i></th></tr>
<tr><th align='left' bgcolor='#e9b96e' colspan='5'>Call Stack</th></tr>
<tr><th align='center' bgcolor='#eeeeec'>#</th><th align='left' bgcolor='#eeeeec'>Time</th><th align='left' bgcolor='#eeeeec'>Memory</th><th align='left' bgcolor='#eeeeec'>Function</th><th align='left' bgcolor='#eeeeec'>Location</th></tr>
<tr><td bgcolor='#eeeeec' align='center'>1</td><td bgcolor='#eeeeec' align='center'>0.0004</td><td bgcolor='#eeeeec' align='right'>360344</td><td bgcolor='#eeeeec'>{main}(  )</td><td title='/opt/lampp/htdocs/leads/worker/scripts/all/index-do.php' bgcolor='#eeeeec'>.../index-do.php<b>:</b>0</td></tr>
<tr><td bgcolor='#eeeeec' align='center'>2</td><td bgcolor='#eeeeec' align='center'>0.0357</td><td bgcolor='#eeeeec' align='right'>2065408</td><td bgcolor='#eeeeec'>leads\cls\Worker->do_work(  )</td><td title='/opt/lampp/htdocs/leads/worker/scripts/all/index-do.php' bgcolor='#eeeeec'>.../index-do.php<b>:</b>18</td></tr>
<tr><td bgcolor='#eeeeec' align='center'>3</td><td bgcolor='#eeeeec' align='center'>0.0357</td><td bgcolor='#eeeeec' align='right'>2066968</td><td bgcolor='#eeeeec'>leads\cls\Robot_Profile->get_robot_profile_from_backup(  )</td><td title='/opt/lampp/htdocs/leads/worker/class/Worker.php' bgcolor='#eeeeec'>.../Worker.php<b>:</b>86</td></tr>
<tr><td bgcolor='#eeeeec' align='center'>4</td><td bgcolor='#eeeeec' align='center'>0.0364</td><td bgcolor='#eeeeec' align='right'>2123944</td><td bgcolor='#eeeeec'>leads\cls\Robot->do_instagram_login_by_API(  )</td><td title='/opt/lampp/htdocs/leads/worker/class/Robot_Profile.php' bgcolor='#eeeeec'>.../Robot_Profile.php<b>:</b>53</td></tr>
<tr><td bgcolor='#eeeeec' align='center'>5</td><td bgcolor='#eeeeec' align='center'>0.0364</td><td bgcolor='#eeeeec' align='right'>2123944</td><td bgcolor='#eeeeec'>leads\cls\Robot->make_login(  )</td><td title='/opt/lampp/htdocs/leads/worker/class/Robot.php' bgcolor='#eeeeec'>.../Robot.php<b>:</b>43</td></tr>
<tr><td bgcolor='#eeeeec' align='center'>6</td><td bgcolor='#eeeeec' align='center'>0.0364</td><td bgcolor='#eeeeec' align='right'>2124000</td><td bgcolor='#eeeeec'>leads\cls\InstaAPI->login(  )</td><td title='/opt/lampp/htdocs/leads/worker/class/Robot.php' bgcolor='#eeeeec'>.../Robot.php<b>:</b>60</td></tr>
<tr><td bgcolor='#eeeeec' align='center'>7</td><td bgcolor='#eeeeec' align='center'>0.0372</td><td bgcolor='#eeeeec' align='right'>2243648</td><td bgcolor='#eeeeec'>InstagramAPI\Instagram->__construct(  )</td><td title='/opt/lampp/htdocs/leads/worker/class/InstaAPI.php' bgcolor='#eeeeec'>.../InstaAPI.php<b>:</b>17</td></tr>
<tr><td bgcolor='#eeeeec' align='center'>8</td><td bgcolor='#eeeeec' align='center'>0.0446</td><td bgcolor='#eeeeec' align='right'>3542944</td><td bgcolor='#eeeeec'>InstagramAPI\Settings\Factory::createHandler(  )</td><td title='/opt/lampp/htdocs/leads/worker/externals/vendor/mgp25/instagram-php/src/Instagram.php' bgcolor='#eeeeec'>.../Instagram.php<b>:</b>309</td></tr>
<tr><td bgcolor='#eeeeec' align='center'>9</td><td bgcolor='#eeeeec' align='center'>0.0453</td><td bgcolor='#eeeeec' align='right'>3735064</td><td bgcolor='#eeeeec'>InstagramAPI\Settings\StorageHandler->__construct(  )</td><td title='/opt/lampp/htdocs/leads/worker/externals/vendor/mgp25/instagram-php/src/Settings/Factory.php' bgcolor='#eeeeec'>.../Factory.php<b>:</b>202</td></tr>
<tr><td bgcolor='#eeeeec' align='center'>10</td><td bgcolor='#eeeeec' align='center'>0.0453</td><td bgcolor='#eeeeec' align='right'>3735064</td><td bgcolor='#eeeeec'>InstagramAPI\Settings\Storage\File->openLocation(  )</td><td title='/opt/lampp/htdocs/leads/worker/externals/vendor/mgp25/instagram-php/src/Settings/StorageHandler.php' bgcolor='#eeeeec'>.../StorageHandler.php<b>:</b>140</td></tr>
<tr><td bgcolor='#eeeeec' align='center'>11</td><td bgcolor='#eeeeec' align='center'>0.0455</td><td bgcolor='#eeeeec' align='right'>3765080</td><td bgcolor='#eeeeec'>InstagramAPI\Settings\Storage\File->_createFolder(  )</td><td title='/opt/lampp/htdocs/leads/worker/externals/vendor/mgp25/instagram-php/src/Settings/Storage/File.php' bgcolor='#eeeeec'>.../File.php<b>:</b>55</td></tr>
<tr><td bgcolor='#eeeeec' align='center'>12</td><td bgcolor='#eeeeec' align='center'>0.0465</td><td bgcolor='#eeeeec' align='right'>3943936</td><td bgcolor='#eeeeec'>InstagramAPI\Utils::createFolder(  )</td><td title='/opt/lampp/htdocs/leads/worker/externals/vendor/mgp25/instagram-php/src/Settings/Storage/File.php' bgcolor='#eeeeec'>.../File.php<b>:</b>365</td></tr>
<tr><td bgcolor='#eeeeec' align='center'>13</td><td bgcolor='#eeeeec' align='center'>0.0465</td><td bgcolor='#eeeeec' align='right'>3943968</td><td bgcolor='#eeeeec'><a href='http://www.php.net/function.chmod' target='_new'>chmod</a>
(  )</td><td title='/opt/lampp/htdocs/leads/worker/externals/vendor/mgp25/instagram-php/src/Utils.php' bgcolor='#eeeeec'>.../Utils.php<b>:</b>926</td></tr>
</table></font>
<br />
<font size='1'><table class='xdebug-error xe-notice' dir='ltr' border='1' cellspacing='0' cellpadding='1'>
<tr><th align='left' bgcolor='#f57900' colspan="5"><span style='background-color: #cc0000; color: #fce94f; font-size: x-large;'>( ! )</span> Notice: Trying to get property of non-object in /opt/lampp/htdocs/leads/worker/class/Robot_Profile.php on line <i>54</i></th></tr>
<tr><th align='left' bgcolor='#e9b96e' colspan='5'>Call Stack</th></tr>
<tr><th align='center' bgcolor='#eeeeec'>#</th><th align='left' bgcolor='#eeeeec'>Time</th><th align='left' bgcolor='#eeeeec'>Memory</th><th align='left' bgcolor='#eeeeec'>Function</th><th align='left' bgcolor='#eeeeec'>Location</th></tr>
<tr><td bgcolor='#eeeeec' align='center'>1</td><td bgcolor='#eeeeec' align='center'>0.0004</td><td bgcolor='#eeeeec' align='right'>360344</td><td bgcolor='#eeeeec'>{main}(  )</td><td title='/opt/lampp/htdocs/leads/worker/scripts/all/index-do.php' bgcolor='#eeeeec'>.../index-do.php<b>:</b>0</td></tr>
<tr><td bgcolor='#eeeeec' align='center'>2</td><td bgcolor='#eeeeec' align='center'>0.0357</td><td bgcolor='#eeeeec' align='right'>2065408</td><td bgcolor='#eeeeec'>leads\cls\Worker->do_work(  )</td><td title='/opt/lampp/htdocs/leads/worker/scripts/all/index-do.php' bgcolor='#eeeeec'>.../index-do.php<b>:</b>18</td></tr>
<tr><td bgcolor='#eeeeec' align='center'>3</td><td bgcolor='#eeeeec' align='center'>0.0357</td><td bgcolor='#eeeeec' align='right'>2066968</td><td bgcolor='#eeeeec'>leads\cls\Robot_Profile->get_robot_profile_from_backup(  )</td><td title='/opt/lampp/htdocs/leads/worker/class/Worker.php' bgcolor='#eeeeec'>.../Worker.php<b>:</b>86</td></tr>
</table></font>
<br>
<br>
----------->Robot 1 not initialized by not sufficient robot_profiles actives<br>
<br>
<br>
<br>

<br>2018-05-19 02:02:05am

