Worker-Robot Leads Inited...!<br>
2018-05-22 01:17:04am<br />
<b>Warning</b>:  parse_ini_file(/opt/lampp/htdocs/leads/worker/class/../../../LEADS.INI): failed to open stream: No such file or directory in <b>/opt/lampp/htdocs/leads/worker/class/Robot.php</b> on line <b>36</b><br />
<br />
<b>Warning</b>:  parse_ini_file(/opt/lampp/htdocs/leads/worker/class/../../../LEADS.INI): failed to open stream: No such file or directory in <b>/opt/lampp/htdocs/leads/worker/class/Robot.php</b> on line <b>36</b><br />
<br />
<b>Warning</b>:  chmod(): Operation not permitted in <b>/opt/lampp/htdocs/leads/worker/externals/vendor/mgp25/instagram-php/src/Utils.php</b> on line <b>926</b><br />
<br />
<b>Warning</b>:  parse_ini_file(/opt/lampp/htdocs/leads/worker/class/../../../LEADS.INI): failed to open stream: No such file or directory in <b>/opt/lampp/htdocs/leads/worker/class/Robot.php</b> on line <b>36</b><br />
<br />
<b>Warning</b>:  parse_ini_file(/opt/lampp/htdocs/leads/worker/class/../../../LEADS.INI): failed to open stream: No such file or directory in <b>/opt/lampp/htdocs/leads/worker/class/Robot.php</b> on line <b>36</b><br />
Robot1 initialized with robot_profile dumbu.09<br>
<br>
<br>
<br>
 ---------->Leads extracted and save successfully from profile 1724917224 na tabela leads<br>
<br>
<br>
<br>
 ---------->Leads extracted and save successfully from profile 2214129616 na tabela leads<br>
<br>
<br>
<br>
 ---------->Leads extracted and save successfully from profile 1771645720 na tabela leads<br>
<br>
 Client ---> pedropetti  Campaing --> 6  Profile --> santanderbrasil:  proccess correctly<br><br>

<br>
 Hashtag 11 Set end_cursor to NULL!!!!!!!! Deleted daily work!!!!!!!!!!!! Client ---> pedropetti  Campaing --> 6  Profile --> santanderselect:  proccess correctly<br><br>

<br>
<br>
 ---------->Leads extracted and save successfully from profile 290798189 na tabela leads<br>
<br>
<br>
<br>
 ---------->Leads extracted and save successfully from profile 6042628478 na tabela leads<br>
<br>
<br>
<br>
 ---------->Leads extracted and save successfully from profile 5636340117 na tabela leads<br>
<br>
<br>
<br>
 ---------->Leads extracted and save successfully from profile 498837653 na tabela leads<br>
<br>
<br>
<br>
 ---------->Leads extracted and save successfully from profile 7142929567 na tabela leads<br>
<br>
<br>
<br>
 ---------->Leads extracted and save successfully from profile 7733335081 na tabela leads<br>
<br>
<br>
<br>
 ---------->Leads extracted and save successfully from profile 7724853771 na tabela leads<br>
<br>
<br>
<br>
 ---------->Leads extracted and save successfully from profile 464567392 na tabela leads<br>
<br>
<br>
<br>
 ---------->Leads extracted and save successfully from profile 7586229531 na tabela leads<br>
<br>
<br>
<br>
 ---------->Leads extracted and save successfully from profile 7237122550 na tabela leads<br>
<br>
<br>
<br>
 ---------->Leads extracted and save successfully from profile 20144228 na tabela leads<br>
<br>
<br>
<br>
 ---------->Leads extracted and save successfully from profile 540114369 na tabela leads<br>
<br>
<br>
<br>
 ---------->Leads extracted and save successfully from profile 3983700824 na tabela leads<br>
<br>
<br>
<br>
 ---------->Leads extracted and save successfully from profile 7384474018 na tabela leads<br>
<br>
<br>
<br>
 ---------->Leads extracted and save successfully from profile 1656090248 na tabela leads<br>
<br>
<br>
<br>
 ---------->Leads extracted and save successfully from profile 3642777738 na tabela leads<br>
<br>
<br>
<br>
 ---------->Leads extracted and save successfully from profile 1094471329 na tabela leads<br>
<br>
<br>
<br>
 ---------->Leads extracted and save successfully from profile 5410003145 na tabela leads<br>
<br>
<br>
<br>
 ---------->Leads extracted and save successfully from profile 5727105401 na tabela leads<br>
<br>
<br>
<br>
 ---------->Leads extracted and save successfully from profile 6000691847 na tabela leads<br>
<br>
<br>
<br>
 ---------->Leads extracted and save successfully from profile 442966943 na tabela leads<br>
<br>
<br>
<br>
 ---------->Leads extracted and save successfully from profile 7159801710 na tabela leads<br>
<br>
<br>
<br>
 ---------->Leads extracted and save successfully from profile 5524141121 na tabela leads<br>
<br>
<br>
<br>
 ---------->Leads extracted and save successfully from profile 819718706 na tabela leads<br>
<br>
<br>
<br>
 ---------->Leads extracted and save successfully from profile 6973169312 na tabela leads<br>
<br>
<br>
<br>
 ---------->Leads extracted and save successfully from profile 563485686 na tabela leads<br>
<br>
<br>
<br>
 ---------->Leads extracted and save successfully from profile 451298904 na tabela leads<br>
<br>
<br>
<br>
 ---------->Leads extracted and save successfully from profile 3226928721 na tabela leads<br>
<br>
<br>
<br>
 ---------->Leads extracted and save successfully from profile 5658582874 na tabela leads<br>
<br>
<br>
<br>
 ---------->Leads extracted and save successfully from profile 197085584 na tabela leads<br>
<br>
<br>
<br>
 ---------->Leads extracted and save successfully from profile 213591493 na tabela leads<br>
<br>
<br>
<br>
 ---------->Leads extracted and save successfully from profile 23497441 na tabela leads<br>
<br>
<br>
<br>
 ---------->Leads extracted and save successfully from profile 672141016 na tabela leads<br>
<br>
<br>
<br>
 ---------->Leads extracted and save successfully from profile 214309052 na tabela leads<br>
<br>
<br>
<br>
 ---------->Leads extracted and save successfully from profile 1608861197 na tabela leads<br>
<br>
<br>
<br>
 ---------->Leads extracted and save successfully from profile 300134017 na tabela leads<br>
<br>
<br>
<br>
 ---------->Leads extracted and save successfully from profile 15976417 na tabela leads<br>
<br>
<br>
<br>
 ---------->Leads extracted and save successfully from profile 7423094784 na tabela leads<br>
<br>
<br>
<br>
 ---------->Leads extracted and save successfully from profile 507102613 na tabela leads<br>
<br>
<br>
<br>
 ---------->Leads extracted and save successfully from profile 6001945852 na tabela leads<br>
<br>
 Client ---> luisavelludo  Campaing --> 13  Profile --> voajoias:  proccess correctly<br><br>

<br>
<br>
 ---------->Leads extracted and save successfully from profile 7557753454 na tabela leads<br>
<br>
<br>
<br>
 ---------->Leads extracted and save successfully from profile 329434990 na tabela leads<br>
<br>
<br>
<br>
 ---------->Leads extracted and save successfully from profile 7646967526 na tabela leads<br>
<br>
<br>
<br>
 ---------->Leads extracted and save successfully from profile 37822788 na tabela leads<br>
<br>
<br>
<br>
 ---------->Leads extracted and save successfully from profile 753123163 na tabela leads<br>
<br>
<br>
<br>
 ---------->Leads extracted and save successfully from profile 5602250130 na tabela leads<br>
<br>
<br>
<br>
 ---------->Leads extracted and save successfully from profile 4550330271 na tabela leads<br>
<br>
<br>
<br>
 ---------->Leads extracted and save successfully from profile 1515041199 na tabela leads<br>
<br>
<br>
<br>
 ---------->Leads extracted and save successfully from profile 18149741 na tabela leads<br>
<br>
<br>
<br>
 ---------->Leads extracted and save successfully from profile 28617958 na tabela leads<br>
<br>
<br>
<br>
 ---------->Leads extracted and save successfully from profile 51829302 na tabela leads<br>
<br>
<br>
<br>
 ---------->Leads extracted and save successfully from profile 7411182405 na tabela leads<br>
<br>
<br>
<br>
 ---------->Leads extracted and save successfully from profile 7537731134 na tabela leads<br>
<br>
<br>
<br>
 ---------->Leads extracted and save successfully from profile 7405792369 na tabela leads<br>
<br>
<br>
<br>
 ---------->Leads extracted and save successfully from profile 5792642600 na tabela leads<br>
<br>
<br>
<br>
 ---------->Leads extracted and save successfully from profile 5770168701 na tabela leads<br>
<br>
<br>
<br>
 ---------->Leads extracted and save successfully from profile 612849571 na tabela leads<br>
<br>
<br>
<br>
 ---------->Leads extracted and save successfully from profile 5693196184 na tabela leads<br>
<br>
<br>
<br>
 ---------->Leads extracted and save successfully from profile 540126565 na tabela leads<br>
<br>
<br>
<br>
 ---------->Leads extracted and save successfully from profile 2316214682 na tabela leads<br>
<br>
<br>
<br>
 ---------->Leads extracted and save successfully from profile 566670414 na tabela leads<br>
<br>
<br>
<br>
 ---------->Leads extracted and save successfully from profile 5812957435 na tabela leads<br>
<br>
<br>
<br>
 ---------->Leads extracted and save successfully from profile 1216405834 na tabela leads<br>
<br>
<br>
<br>
 ---------->Leads extracted and save successfully from profile 7543283929 na tabela leads<br>
<br>
<br>
<br>
 ---------->Leads extracted and save successfully from profile 5752280712 na tabela leads<br>
<br>
<br>
<br>
 ---------->Leads extracted and save successfully from profile 7441476882 na tabela leads<br>
<br>
<br>
<br>
 ---------->Leads extracted and save successfully from profile 2165310211 na tabela leads<br>
<br>
<br>
<br>
 ---------->Leads extracted and save successfully from profile 326595547 na tabela leads<br>
<br>
<br>
<br>
 ---------->Leads extracted and save successfully from profile 2331448812 na tabela leads<br>
<br>
<br>
<br>
 ---------->Leads extracted and save successfully from profile 7540354817 na tabela leads<br>
<br>
<br>
<br>
 ---------->Leads extracted and save successfully from profile 30022955 na tabela leads<br>
<br>
<br>
<br>
 ---------->Leads extracted and save successfully from profile 1455278045 na tabela leads<br>
<br>
<br>
<br>
 ---------->Leads extracted and save successfully from profile 6256283278 na tabela leads<br>
<br>
<br>
<br>
 ---------->Leads extracted and save successfully from profile 12911311 na tabela leads<br>
<br>
<br>
<br>
 ---------->Leads extracted and save successfully from profile 7387737992 na tabela leads<br>
<br>
<br>
<br>
 ---------->Leads extracted and save successfully from profile 6571162917 na tabela leads<br>
<br>
<br>
<br>
 ---------->Leads extracted and save successfully from profile 5835312121 na tabela leads<br>
<br>
<br>
<br>
 ---------->Leads extracted and save successfully from profile 1137519489 na tabela leads<br>
<br>
<br>
<br>
 ---------->Leads extracted and save successfully from profile 5658582874 na tabela leads<br>
<br>
<br>
<br>
 ---------->Leads extracted and save successfully from profile 5731660272 na tabela leads<br>
<br>
<br>
<br>
 ---------->Leads extracted and save successfully from profile 1437464276 na tabela leads<br>
<br>
<br>
<br>
 ---------->Leads extracted and save successfully from profile 3661681753 na tabela leads<br>
<br>
<br>
<br>
 ---------->Leads extracted and save successfully from profile 12640408 na tabela leads<br>
<br>
<br>
<br>
 ---------->Leads extracted and save successfully from profile 4141999525 na tabela leads<br>
<br>
<br>
<br>
 ---------->Leads extracted and save successfully from profile 3929392 na tabela leads<br>
<br>
<br>
<br>
 ---------->Leads extracted and save successfully from profile 195626133 na tabela leads<br>
<br>
<br>
<br>
 ---------->Leads extracted and save successfully from profile 2189652303 na tabela leads<br>
<br>
<br>
<br>
 ---------->Leads extracted and save successfully from profile 22460878 na tabela leads<br>
<br>
<br>
<br>
 ---------->Leads extracted and save successfully from profile 888503283 na tabela leads<br>
<br>
<br>
<br>
 ---------->Leads extracted and save successfully from profile 181961731 na tabela leads<br>
<br>
<br>
<br>
 ---------->Leads extracted and save successfully from profile 3171672623 na tabela leads<br>
<br>
<br>
<br>
 ---------->Leads extracted and save successfully from profile 13675572 na tabela leads<br>
<br>
 Client ---> luisavelludo  Campaing --> 13  Profile --> liviacanuto:  proccess correctly<br><br>

<br>
<br>
 ---------->Leads extracted and save successfully from profile 1821478 na tabela leads<br>
<br>
<br>
<br>
 ---------->Leads extracted and save successfully from profile 403649230 na tabela leads<br>
<br>
<br>
<br>
 ---------->Leads extracted and save successfully from profile 5535075412 na tabela leads<br>
<br>
<br>
<br>
 ---------->Leads extracted and save successfully from profile 7525053133 na tabela leads<br>
<br>
<br>
<br>
 ---------->Leads extracted and save successfully from profile 612630708 na tabela leads<br>
<br>
<br>
<br>
 ---------->Leads extracted and save successfully from profile 1726179812 na tabela leads<br>
<br>
<br>
<br>
 ---------->Leads extracted and save successfully from profile 574385809 na tabela leads<br>
<br>
<br>
<br>
 ---------->Leads extracted and save successfully from profile 7288945740 na tabela leads<br>
<br>
<br>
<br>
 ---------->Leads extracted and save successfully from profile 7245580432 na tabela leads<br>
<br>
<br>
<br>
 ---------->Leads extracted and save successfully from profile 6850122058 na tabela leads<br>
<br>
<br>
<br>
 ---------->Leads extracted and save successfully from profile 1817094051 na tabela leads<br>
<br>
<br>
<br>
 ---------->Leads extracted and save successfully from profile 196402871 na tabela leads<br>
<br>
<br>
<br>
 ---------->Leads extracted and save successfully from profile 179196613 na tabela leads<br>
<br>
<br>
<br>
 ---------->Leads extracted and save successfully from profile 1921475203 na tabela leads<br>
<br>
<br>
<br>
 ---------->Leads extracted and save successfully from profile 1112148914 na tabela leads<br>
<br>
<br>
<br>
 ---------->Leads extracted and save successfully from profile 1082302 na tabela leads<br>
<br>
<br>
<br>
 ---------->Leads extracted and save successfully from profile 5511923188 na tabela leads<br>
<br>
<br>
<br>
 ---------->Leads extracted and save successfully from profile 4853528447 na tabela leads<br>
<br>
<br>
<br>
 ---------->Leads extracted and save successfully from profile 1369747536 na tabela leads<br>
<br>
<br>
<br>
 ---------->Leads extracted and save successfully from profile 2004564432 na tabela leads<br>
<br>
<br>
<br>
 ---------->Leads extracted and save successfully from profile 189307813 na tabela leads<br>
<br>
<br>
<br>
 ---------->Leads extracted and save successfully from profile 5327804558 na tabela leads<br>
<br>
<br>
<br>
 ---------->Leads extracted and save successfully from profile 6535757044 na tabela leads<br>
<br>
<br>
<br>
 ---------->Leads extracted and save successfully from profile 30654820 na tabela leads<br>
<br>
<br>
<br>
 ---------->Leads extracted and save successfully from profile 230894188 na tabela leads<br>
<br>
<br>
<br>
 ---------->Leads extracted and save successfully from profile 229384813 na tabela leads<br>
<br>
<br>
<br>
 ---------->Leads extracted and save successfully from profile 29327294 na tabela leads<br>
<br>
<br>
<br>
 ---------->Leads extracted and save successfully from profile 2439227536 na tabela leads<br>
<br>
<br>
<br>
 ---------->Leads extracted and save successfully from profile 6984484 na tabela leads<br>
<br>
<br>
<br>
 ---------->Leads extracted and save successfully from profile 145749753 na tabela leads<br>
<br>
<br>
<br>
 ---------->Leads extracted and save successfully from profile 183661340 na tabela leads<br>
<br>
<br>
<br>
 ---------->Leads extracted and save successfully from profile 3984604643 na tabela leads<br>
<br>
<br>
<br>
 ---------->Leads extracted and save successfully from profile 28723042 na tabela leads<br>
<br>
<br>
<br>
 ---------->Leads extracted and save successfully from profile 232755591 na tabela leads<br>
<br>
<br>
<br>
 ---------->Leads extracted and save successfully from profile 40665508 na tabela leads<br>
<br>
<br>
<br>
 ---------->Leads extracted and save successfully from profile 456646013 na tabela leads<br>
<br>
<br>
<br>
 ---------->Leads extracted and save successfully from profile 1509193422 na tabela leads<br>
<br>
<br>
<br>
 ---------->Leads extracted and save successfully from profile 11157504 na tabela leads<br>
<br>
<br>
<br>
 ---------->Leads extracted and save successfully from profile 1756649022 na tabela leads<br>
<br>
<br>
<br>
 ---------->Leads extracted and save successfully from profile 6017018724 na tabela leads<br>
<br>
<br>
<br>
 ---------->Leads extracted and save successfully 