Worker-Robot Leads Inited...!<br>
2018-05-16 01:23:28am<br />
<b>Notice</b>:  Trying to get property of non-object in <b>/opt/lampp/htdocs/leads/worker/class/Robot_Profile.php</b> on line <b>54</b><br />
Robot1 initialized with robot_profile bertoernesto6505<br>
<br>
<br>
<br>
 ---------->Leads extracted and save successfully from profile 25336764 na tabela leads<br>
<br>
<br>
<br>
 ---------->Leads extracted and save successfully from profile 7715794347 na tabela leads<br>
<br>
<br>
<br>
 ---------->Leads extracted and save successfully from profile 6321404091 na tabela leads<br>
<br>
<br>
<br>
 ---------->Leads extracted and save successfully from profile 7152208374 na tabela leads<br>
<br>
<br>
<br>
 ---------->Leads extracted and save successfully from profile 7730497722 na tabela leads<br>
<br>
<br>
<br>
 ---------->Leads extracted and save successfully from profile 2336945908 na tabela leads<br>
<br>
<br>
<br>
 ---------->Leads extracted and save successfully from profile 5390286190 na tabela leads<br>
<br>
<br>
<br>
 ---------->Leads extracted and save successfully from profile 5835162 na tabela leads<br>
<br>
<br>
<br>
 ---------->Leads extracted and save successfully from profile 2215650870 na tabela leads<br>
<br>
<br>
<br>
 ---------->Leads extracted and save successfully from profile 7292533360 na tabela leads<br>
<br>
<br>
<br>
 ---------->Leads extracted and save successfully from profile 3595676752 na tabela leads<br>
<br>
<br>
<br>
 ---------->Leads extracted and save successfully from profile 744598131 na tabela leads<br>
<br>
<br>
<br>
 ---------->Leads extracted and save successfully from profile 260953104 na tabela leads<br>
<br>
<br>
<br>
 ---------->Leads extracted and save successfully from profile 3421320715 na tabela leads<br>
<br>
<br>
<br>
 ---------->Leads extracted and save successfully from profile 4243971869 na tabela leads<br>
<br>
<br>
<br>
 ---------->Leads extracted and save successfully from profile 789576737 na tabela leads<br>
<br>
<br>
<br>
 ---------->Leads extracted and save successfully from profile 3252453134 na tabela leads<br>
<br>
<br>
<br>
 ---------->Leads extracted and save successfully from profile 820006013 na tabela leads<br>
<br>
<br>
<br>
 ---------->Leads extracted and save successfully from profile 592603372 na tabela leads<br>
<br>
<br>
<br>
 ---------->Leads extracted and save successfully from profile 2233728238 na tabela leads<br>
<br>
<br>
<br>
 ---------->Leads extracted and save successfully from profile 5508115192 na tabela leads<br>
<br>
<br>
<br>
 ---------->Leads extracted and save successfully from profile 174699988 na tabela leads<br>
<br>
<br>
<br>
 ---------->Leads extracted and save successfully from profile 2348253 na tabela leads<br>
<br>
<br>
<br>
 ---------->Leads extracted and save successfully from profile 54106744 na tabela leads<br>
<br>
<br>
<br>
 ---------->Leads extracted and save successfully from profile 258230710 na tabela leads<br>
<br>
<br>
<br>
 ---------->Leads extracted and save successfully from profile 6240762906 na tabela leads<br>
<br>
<br>
<br>
 ---------->Leads extracted and save successfully from profile 2057475151 na tabela leads<br>
<br>
<br>
<br>
 ---------->Leads extracted and save successfully from profile 1270998894 na tabela leads<br>
<br>
<br>
<br>
 ---------->Leads extracted and save successfully from profile 3538675660 na tabela leads<br>
<br>
<br>
<br>
 ---------->Leads extracted and save successfully from profile 253620981 na tabela leads<br>
<br>
<br>
<br>
 ---------->Leads extracted and save successfully from profile 270781982 na tabela leads<br>
<br>
<br>
<br>
 ---------->Leads extracted and save successfully from profile 5785138935 na tabela leads<br>
<br>
<br>
<br>
 ---------->Leads extracted and save successfully from profile 2117493394 na tabela leads<br>
<br>
<br>
<br>
 ---------->Leads extracted and save successfully from profile 3120310501 na tabela leads<br>
<br>
<br>/n<br>/nINSERT INTO dumbu_emails_db.leads (reference_profile_id, username, ds_user_id, is_private, is_business, private_email, biography_email, public_email, public_phone_country_code, public_phone_number, contact_phone_number, phone_number, gender, category, extracted_date, address_street, biography, birthday, city_id, city_name, zip_code, coef_f_weight, country_code, external_url, fb_page_call_to_action_id, fb_u_id, follower_count, full_name, is_verified, media_count, get_show_insights_terms) VALUES ( '35', 'V3Yvck1ETlRMbEhZeDd0VTZ3PT0=', '1140978052', '', '1',  '', '', 'VnZycWNqOVZLVjNOODZOcXRqSndPanoxdi9Kck1BPT0=',  'Qmc9PQ==', 'QTYrK2FXTUZiUUtkZ3c9PQ==', 'SEsremJXc0JhZ1dhaGVzNw==', '',  '', 'Women's Clothing Store', '1526434175',  '', 'Y3ZEeE5UTlpORWVNdzd0NXYzMXJlenYxOHJNcEFBV1pCL01SVE92Sk90aGtmcW1iNE51NTBlMXZrUm9PUEV6M2FhK2prVDY0UXh6YXoxL0FoUjR5WGZuVnVNb0MzWERXYWZUQ3dVVkY3eVhxeWZEN2k0ZnZGL3ZMOUY4ODNVUnhER0VmK015RzZaRllNbGpySjNkcHFUWDk=', '', 'Qnc9PQ==', '', '',  '', '', 'WCtyekxDRU9kQnZBMnJSZ3FpOHhjVHExdjcxbExoYWZBZjhKRm9DaVBnPT0=', '', '', '6823',  'ZXQvTEVCTnpEbkg0NTV0Tm53NVhYUkRV', '', '569', '' );<br>/n<br>/n<br>
<br>
ERROR: erro salvando a leads do perfil 1140978052 na tabela leads<br>
<br>
<br>
<br>
 ---------->Leads extracted and save successfully from profile 410612698 na tabela leads<br>
<br>
<br>
<br>
 ---------->Leads extracted and save successfully from profile 14234466 na tabela leads<br>
<br>
<br>
<br>
 ---------->Leads extracted and save successfully from profile 506956373 na tabela leads<br>
<br>
<br>
<br>
 ---------->Leads extracted and save successfully from profile 16130154 na tabela leads<br>
<br>
<br>
<br>
 ---------->Leads extracted and save successfully from profile 496430524 na tabela leads<br>
<br>
<br>
<br>
 ---------->Leads extracted and save successfully from profile 182072385 na tabela leads<br>
<br>
 Client ---> luisavelludo  Campaing --> 13  Profile --> nuushoes_:  proccess correctly<br><br>

<br>
<br>
 ---------->Leads extracted and save successfully from profile 7716354100 na tabela leads<br>
<br>
<br>
<br>
 ---------->Leads extracted and save successfully from profile 7422713383 na tabela leads<br>
<br>
<br>
<br>
 ---------->Leads extracted and save successfully from profile 7715488255 na tabela leads<br>
<br>
<br>
<br>
 ---------->Leads extracted and save successfully from profile 7017283886 na tabela leads<br>
<br>
<br>
<br>
 ---------->Leads extracted and save successfully from profile 4030553495 na tabela leads<br>
<br>
<br>
<br>
 ---------->Leads extracted and save successfully from profile 7719666453 na tabela leads<br>
<br>
<br>
<br>
 ---------->Leads extracted and save successfully from profile 5490031638 na tabela leads<br>
<br>
<br>
<br>
 ---------->Leads extracted and save successfully from profile 6870585469 na tabela leads<br>
<br>
<br>
<br>
 ---------->Leads extracted and save successfully from profile 7720579940 na tabela leads<br>
<br>
<br>
<br>
 ---------->Leads extracted and save successfully from profile 440874500 na tabela leads<br>
<br>
<br>
<br>
 ---------->Leads extracted and save successfully from profile 5855738599 na tabela leads<br>
<br>
<br>
<br>
 ---------->Leads extracted and save successfully from profile 22557764 na tabela leads<br>
<br>
<br>
<br>
 ---------->Leads extracted and save successfully from profile 6249424350 na tabela leads<br>
<br>
<br>
<br>
 ---------->Leads extracted and save successfully from profile 7718888959 na tabela leads<br>
<br>
<br>
<br>
 ---------->Leads extracted and save successfully from profile 477030796 na tabela leads<br>
<br>
<br>
<br>
 ---------->Leads extracted and save successfully from profile 7657478701 na tabela leads<br>
<br>
<br>
<br>
 ---------->Leads extracted and save successfully from profile 5931099104 na tabela leads<br>
<br>
<br>
<br>
 ---------->Leads extracted and save successfully from profile 517738199 na tabela leads<br>
<br>
<br>
<br>
 ---------->Leads extracted and save successfully from profile 1584037151 na tabela leads<br>
<br>
<br>
<br>
 ---------->Leads extracted and save successfully from profile 1404532477 na tabela leads<br>
<br>
 Client ---> josergm86  Campaing --> 1  Profile --> adidas:  proccess correctly<br><br>

<br />
<b>Notice</b>:  Undefined offset: 0 in <b>/opt/lampp/htdocs/leads/worker/class/Robot.php</b> on line <b>282</b><br />
array(0) {
}
curl 'https://www.instagram.com/graphql/query/?query_hash=ac38b90f0f3981c42092016a37c59bf7&variables=%7B%22id%22%3A%22213369624%22%2C%22first%22%3A50%2C%22after%22%3A%22%22%7D' -H 'Cookie: mid=WvuIHAABAAEzaFE0Mrr8TPMmfozH; sessionid=IGSC63c4b3bb328b09285ace2a2abb0e7bc8824834c5bf83d078fb8848ea7ccd6891%3AGIIwOQOWljKv09V5OLEcBleX9DCkApaA%3A%7B%22_auth_user_id%22%3A7549886606%2C%22_auth_user_backend%22%3A%22accounts.backends.CaseInsensitiveModelBackend%22%2C%22_auth_user_hash%22%3A%22%22%2C%22_platform%22%3A1%2C%22_token_ver%22%3A2%2C%22_token%22%3A%227549886606%3AvUuVsfGq6SDEkUif2gYHk3m5HtYSuleV%3A18a56fc0fbfa13b2e37cac4aaa9ecfd0ab4f9dcdcb0be08642292e7bdd661847%22%2C%22last_refreshed%22%3A1526433822.0161559582%7D; s_network=; ig_pr=1; ig_vw=1855; csrftoken=mQNIICJPdfxLK5TxQ6Wrh3EUXKp80PcG; ds_user_id=7549886606' -H 'X-CSRFToken: mQNIICJPdfxLK5TxQ6Wrh3EUXKp80PcG' -H 'Origin: https://www.instagram.com' -H 'Accept-Encoding: gzip, deflate' -H 'Accept-Language: pt-BR,pt;q=0.8,en-US;q=0.6,en;q=0.4' -H 'User-Agent: Mozilla/5.0 (X11; Ubuntu; Linux x86_64; rv:49.0) Gecko/20100101 Firefox/49.0' -H 'X-Requested-with: XMLHttpRequest' -H 'content-type: application/x-www-form-urlencoded' -H 'Accept: */*' -H 'Referer: https://www.instagram.com/' -H 'Authority: www.instagram.com' --compressed <br>
 Untrated error in Geolocation!!!<br />
<b>Fatal error</b>:  Uncaught Error: Class 'leads\cls\Exception' not found in /opt/lampp/htdocs/leads/worker/class/Robot.php:307
Stack trace:
#0 /opt/lampp/htdocs/leads/worker/class/Robot.php(253): leads\cls\Robot-&gt;get_insta_geomedia(Object(stdClass), '213369624', 50, '')
#1 /opt/lampp/htdocs/leads/worker/class/Robot.php(99): leads\cls\Robot-&gt;get_profiles_from_geolocation('213369624', Object(stdClass), 50, '')
#2 /opt/lampp/htdocs/leads/worker/class/Worker.php(101): leads\cls\Robot-&gt;do_robot_extract_leads(Object(InstagramAPI\Instagram), Object(stdClass), 'false')
#3 /opt/lampp/htdocs/leads/worker/scripts/all/index-do.php(18): leads\cls\Worker-&gt;do_work()
#4 {main}
  thrown in <b>/opt/lampp/htdocs/leads/worker/class/Robot.php</b> on line <b>307</b><br />
