Worker-Robot Leads Inited...!<br>
2018-05-21 02:18:48am<br />
<b>Warning</b>:  chmod(): Operation not permitted in <b>/opt/lampp/htdocs/leads/worker/externals/vendor/mgp25/instagram-php/src/Utils.php</b> on line <b>926</b><br />
<br />
<b>Notice</b>:  Trying to get property of non-object in <b>/opt/lampp/htdocs/leads/worker/class/Robot_Profile.php</b> on line <b>54</b><br />
<br />
<b>Notice</b>:  Trying to get property of non-object in <b>/opt/lampp/htdocs/leads/worker/class/Robot_Profile.php</b> on line <b>54</b><br />
Robot2 initialized with robot_profile benitezester392<br>
<br>
<br />
<b>Notice</b>:  Undefined variable: login_data in <b>/opt/lampp/htdocs/leads/worker/class/Robot.php</b> on line <b>397</b><br />
<br />
<b>Notice</b>:  Undefined variable: login_data in <b>/opt/lampp/htdocs/leads/worker/class/Robot.php</b> on line <b>397</b><br />
<br />
<b>Notice</b>:  Undefined variable: login_data in <b>/opt/lampp/htdocs/leads/worker/class/Robot.php</b> on line <b>397</b><br />
<br />
<b>Notice</b>:  Undefined variable: login_data in <b>/opt/lampp/htdocs/leads/worker/class/Robot.php</b> on line <b>397</b><br />
<br />
<b>Notice</b>:  Undefined variable: login_data in <b>/opt/lampp/htdocs/leads/worker/class/Robot.php</b> on line <b>397</b><br />
<br />
<b>Notice</b>:  Undefined variable: login_data in <b>/opt/lampp/htdocs/leads/worker/class/Robot.php</b> on line <b>397</b><br />
<br>
<br>
 ---------->Leads extracted and save successfully from profile 406867340 na tabela leads<br>
<br>
<br>
<br>
 ---------->Leads extracted and save successfully from profile 7462987167 na tabela leads<br>
<br>
<br>
<br>
 ---------->Leads extracted and save successfully from profile 617547931 na tabela leads<br>
<br>
<br>
<br>
 ---------->Leads extracted and save successfully from profile 47296291 na tabela leads<br>
<br>
 Client ---> m0r3n0  Campaing --> 3  Profile --> festa:  proccess correctly<br><br>

<br>
<br>
 ---------->Leads extracted and save successfully from profile 1965947946 na tabela leads<br>
<br>
<br>
<br>
 ---------->Leads extracted and save successfully from profile 1954864529 na tabela leads<br>
<br>
<br>
<br>
 ---------->Leads extracted and save successfully from profile 200908368 na tabela leads<br>
<br>
<br>
<br>
 ---------->Leads extracted and save successfully from profile 4613708605 na tabela leads<br>
<br>
 Client ---> josergm86  Campaing --> 4  Profile --> ronaldo: InstagramAPI\Response\UserInfoResponse: User not found.<br><br>

<br />
<b>Notice</b>:  Undefined variable: login_data in <b>/opt/lampp/htdocs/leads/worker/class/Robot.php</b> on line <b>397</b><br />
<br />
<b>Notice</b>:  Undefined variable: login_data in <b>/opt/lampp/htdocs/leads/worker/class/Robot.php</b> on line <b>397</b><br />
<br />
<b>Notice</b>:  Undefined variable: login_data in <b>/opt/lampp/htdocs/leads/worker/class/Robot.php</b> on line <b>397</b><br />
<br />
<b>Notice</b>:  Undefined variable: login_data in <b>/opt/lampp/htdocs/leads/worker/class/Robot.php</b> on line <b>397</b><br />
<br>
<br>
 ---------->Leads extracted and save successfully from profile 2013857618 na tabela leads<br>
<br>
<br>
<br>
 ---------->Leads extracted and save successfully from profile 5926790055 na tabela leads<br>
<br>
<br>
<br>
 ---------->Leads extracted and save successfully from profile 2013857618 na tabela leads<br>
<br>
 Client ---> m0r3n0  Campaing --> 3  Profile --> cerveija:  proccess correctly<br><br>

<br>
<br>
 ---------->Leads extracted and save successfully from profile 4468937480 na tabela leads<br>
<br>
<br>
<br>
 ---------->Leads extracted and save successfully from profile 1312190924 na tabela leads<br>
<br>
<br>
<br>
 ---------->Leads extracted and save successfully from profile 7678018713 na tabela leads<br>
<br>
<br>
<br>
 ---------->Leads extracted and save successfully from profile 7787552656 na tabela leads<br>
<br>
 Client ---> josergm86  Campaing --> 4  Profile --> neymarjrlover2:  proccess correctly<br><br>

<br />
<b>Notice</b>:  Undefined variable: login_data in <b>/opt/lampp/htdocs/leads/worker/class/Robot.php</b> on line <b>397</b><br />
<br />
<b>Notice</b>:  Undefined variable: login_data in <b>/opt/lampp/htdocs/leads/worker/class/Robot.php</b> on line <b>397</b><br />
<br />
<b>Notice</b>:  Undefined variable: login_data in <b>/opt/lampp/htdocs/leads/worker/class/Robot.php</b> on line <b>397</b><br />
<br>
<br>
 ---------->Leads extracted and save successfully from profile 490938501 na tabela leads<br>
<br>
<br>
<br>
 ---------->Leads extracted and save successfully from profile 920486504 na tabela leads<br>
<br>
 Client ---> m0r3n0  Campaing --> 3  Profile --> festa:  proccess correctly<br><br>

<br>
<br>
 ---------->Leads extracted and save successfully from profile 2029924907 na tabela leads<br>
<br>
<br>
<br>
 ---------->Leads extracted and save successfully from profile 2222262451 na tabela leads<br>
<br>
<br>
<br>
 ---------->Leads extracted and save successfully from profile 7591137612 na tabela leads<br>
<br>
<br>
<br>
 ---------->Leads extracted and save successfully from profile 462342690 na tabela leads<br>
<br>
<br>
<br>
 ---------->Leads extracted and save successfully from profile 210869398 na tabela leads<br>
<br>
<br>
<br>
 ---------->Leads extracted and save successfully from profile 3526062101 na tabela leads<br>
<br>
<br>
<br>
 ---------->Leads extracted and save successfully from profile 1710676584 na tabela leads<br>
<br>
<br>
<br>
 ---------->Leads extracted and save successfully from profile 2864994018 na tabela leads<br>
<br>
<br>
<br>
 ---------->Leads extracted and save successfully from profile 4925319225 na tabela leads<br>
<br>
<br>
<br>
 ---------->Leads extracted and save successfully from profile 1122773 na tabela leads<br>
<br>
<br>
<br>
 ---------->Leads extracted and save successfully from profile 3662877294 na tabela leads<br>
<br>
<br>
<br>
 ---------->Leads extracted and save successfully from profile 1422696180 na tabela leads<br>
<br>
<br>
<br>
 ---------->Leads extracted and save successfully from profile 3712123233 na tabela leads<br>
<br>
<br>
<br>
 ---------->Leads extracted and save successfully from profile 3582389557 na tabela leads<br>
<br>
 Client ---> josergm86  Campaing --> 4  Profile --> ronaldo:  proccess correctly<br><br>

<br />
<b>Notice</b>:  Undefined variable: login_data in <b>/opt/lampp/htdocs/leads/worker/class/Robot.php</b> on line <b>397</b><br />
<br />
<b>Notice</b>:  Undefined variable: login_data in <b>/opt/lampp/htdocs/leads/worker/class/Robot.php</b> on line <b>397</b><br />
<br />
<b>Notice</b>:  Undefined variable: login_data in <b>/opt/lampp/htdocs/leads/worker/class/Robot.php</b> on line <b>397</b><br />
<br />
<b>Notice</b>:  Undefined variable: login_data in <b>/opt/lampp/htdocs/leads/worker/class/Robot.php</b> on line <b>397</b><br />
 Client ---> m0r3n0  Campaing --> 3  Profile --> cerveija:  proccess correctly<br><br>

<br>
<br>
 ---------->Leads extracted and save successfully from profile 2035234094 na tabela leads<br>
<br>
<br>
<br>
 ---------->Leads extracted and save successfully from profile 5512526279 na tabela leads<br>
<br>
<br>
<br>
 ---------->Leads extracted and save successfully from profile 7761067614 na tabela leads<br>
<br>
<br>
<br>
 ---------->Leads extracted and save successfully from profile 5561569100 na tabela leads<br>
<br>
<br>
<br>
 ---------->Leads extracted and save successfully from profile 7717541603 na tabela leads<br>
<br>
<br>
<br>
 ---------->Leads extracted and save successfully from profile 5750069374 na tabela leads<br>
<br>
<br>
<br>
 ---------->Leads extracted and save successfully from profile 4868249288 na tabela leads<br>
<br>
<br>
<br>
 ---------->Leads extracted and save successfully from profile 5582497456 na tabela leads<br>
<br>
<br>
<br>
 ---------->Leads extracted and save successfully from profile 4198435161 na tabela leads<br>
<br>
 Client ---> josergm86  Campaing --> 4  Profile --> neymarjrlover2:  proccess correctly<br><br>

<br />
<b>Notice</b>:  Undefined variable: login_data in <b>/opt/lampp/htdocs/leads/worker/class/Robot.php</b> on line <b>397</b><br />
<br />
<b>Notice</b>:  Undefined variable: login_data in <b>/opt/lampp/htdocs/leads/worker/class/Robot.php</b> on line <b>397</b><br />
<br />
<b>Notice</b>:  Undefined variable: login_data in <b>/opt/lampp/htdocs/leads/worker/class/Robot.php</b> on line <b>397</b><br />
<br />
<b>Notice</b>:  Undefined variable: login_data in <b>/opt/lampp/htdocs/leads/worker/class/Robot.php</b> on line <b>397</b><br />
<br>
<br>
 ---------->Leads extracted and save successfully from profile 1369828298 na tabela leads<br>
<br>
<br>
<br>
 ---------->Leads extracted and save successfully from profile 6929875258 na tabela leads<br>
<br>
 Client ---> m0r3n0  Campaing --> 3  Profile --> festa:  proccess correctly<br><br>

<br>
<br>
 ---------->Leads extracted and save successfully from profile 3595292341 na tabela leads<br>
<br>
<br>
<br>
 ---------->Leads extracted and save successfully from profile 7367038363 na tabela leads<br>
<br>
<br>
<br>
 ---------->Leads extracted and save successfully from profile 604985883 na tabela leads<br>
<br>
<br>
<br>
 ---------->Leads extracted and save successfully from profile 6798688183 na tabela leads<br>
<br>
<br>
<br>
 ---------->Leads extracted and save successfully from profile 6670861242 na tabela leads<br>
<br>
<br>
<br>
 ---------->Leads extracted and save successfully from profile 2021262774 na tabela leads<br>
<br>
<br>
<br>
 ---------->Leads extracted and save successfully from profile 2217011208 na tabela leads<br>
<br>
<br>
<br>
 ---------->Leads extracted and save successfully from profile 7106408942 na tabela leads<br>
<br>
<br>
<br>
 ---------->Leads extracted and save successfully from profile 1823328694 na tabela leads<br>
<br>
<br>
<br>
 ---------->Leads extracted and save successfully from profile 238604081 na tabela leads<br>
<br>
 Client ---> josergm86  Campaing --> 4  Profile --> ronaldo:  proccess correctly<br><br>

<br />
<b>Notice</b>:  Undefined variable: login_data in <b>/opt/lampp/htdocs/leads/worker/class/Robot.php</b> on line <b>397</b><br />
<br />
<b>Notice</b>:  Undefined variable: login_data in <b>/opt/lampp/htdocs/leads/worker/class/Robot.php</b> on line <b>397</b><br />
<br />
<b>Notice</b>:  Undefined variable: login_data in <b>/opt/lampp/htdocs/leads/worker/class/Robot.php</b> on line <b>397</b><br />
<br />
<b>Notice</b>:  Undefined variable: login_data in <b>/opt/lampp/htdocs/leads/worker/class/Robot.php</b> on line <b>397</b><br />
<br>
<br>
 ---------->Leads extracted and save successfully from profile 2013857618 na tabela leads<br>
<br>
<br>
<br>
 ---------->Leads extracted and save successfully from profile 5636114382 na tabela leads<br>
<br>
<br>
<br>
 ---------->Leads extracted and save successfully from profile 2013857618 na tabela leads<br>
<br>
 Client ---> m0r3n0  Campaing --> 3  Profile --> cerveija:  proccess correctly<br><br>

<br>
<br>
 ---------->Leads extracted and save successfully from profile 6101261798 na tabela leads<br>
<br>
<br>
<br>
 ---------->Leads extracted and save successfully from profile 6073267082 na tabela leads<br>
<br>
<br>
<br>
 ---------->Leads extracted and save successfully from profile 2010886401 na tabela leads<br>
<br>
<br>
<br>
 ---------->Leads extracted and save successfully from profile 5566464325 na tabela leads<br>
<br>
 Client ---> josergm86  Campaing --> 4  Profile --> neymarjrlover2:  proccess correctly<br><br>

<br>
<br>
 ---------->Leads extracted and save successfully from profile 5333767941 na tabela leads<br>
<br>
<br>
<br>
 ---------->Leads extracted and save successfully from profile 2268729718 na tabela leads<br>
<br>
<br>
<br>
 ---------->Leads extracted and save successfully from profile 7800875410 na tabela leads<br>
<br>
<br>
<br>
 ---------->Leads extracted and save successfully from profile 6096426703 na tabela leads<br>
<br>
<br>
<br>
 ---------->Leads extracted and save successfully from profile 3879529019 na tabela leads<br>
<br>
<br>
<br>
 ---------->Leads extracted and save successfully from profile 6935046658 na tabela leads<br>
<br>
<br>
<br>
 ---------->Leads extracted and save successfully from profile 4172512101 na tabela leads<br>
<br>
<br>
<br>
 ---------->Leads extracted and save successfully from profile 3230311077 na tabela leads<br>
<br>
<br>
<br>
 ---------->Leads extracted and save successfully from profile 5323796418 na tabela leads<br>
<br>
 Client ---> josergm86  Campaing --> 4  Profile --> ronaldo: InstagramAPI\Response\UserInfoResponse: User not found.<br><br>

<br>
<br>
 ---------->Leads extracted and save successfully from profile 7687070334 na tabela leads<br>
<br>
<br>
<br>
 ---------->Leads extracted and save successfully from profile 1701704244 na tabela leads<br>
<br>
<br>
<br>
 ---------->Leads extracted and save successfully from profile 7735777443 na tabela leads<br>
<br>
<br>
<br>
 ---------->Leads extracted and save successfully from profile 6450582588 na tabela leads<br>
<br>
<br>
<br>
 ---------->Leads extracted and save successfully from profile 3576920380 na tabela leads<br>
<br>
<br>
<br>
 ---------->Leads extracted and save successfully from profile 7142412463 na tabela leads<br>
<br>
<br>
<br>
 ---------->Leads extracted and save successfully from profile 4255734478 na tabela leads<br>
<br>
<br>
<br>
 ---------->Leads extracted and save successfully from profile 7729277639 na tabela leads<br>
<br>
 Client ---> josergm86  Campaing --> 4  Profile --> neymarjrlover2:  proccess correctly<br><br>

<br>
<br>
 ---------->Leads extracted and save successfully from profile 1589375695 na tabela leads<br>
<br>
<br>
<br>
 ---------->Leads extracted and save successfully from profile 2178153058 na tabela leads<br>
<br>
<br>
<br>
 ---------->Leads extracted and save successfully from profile 504167733 na tabela leads<br>
<br>
<br>
<br>
 ---------->Leads extracted and save successfully from profile 769517406 na tabela leads<br>
<br>
<br>
<br>
 ---------->Leads extracted and save successfully from profile 5875113023 na tabela leads<br>
<br>
<br>
<br>
 ---------->Leads extracted and save successfully from profile 5964817217 na tabela leads<br>
<br>
<br>
<br>
 ---------->Leads extracted and save successfully from profile 5520331652 na tabela leads<br>
<br>
<br>
<br>
 ---------->Leads extracted and save successfully from profile 257388772 na tabela leads<br>
<br>
<br>
<br>
 ---------->Leads extracted and save successfully from profile 7024672170 na tabela leads<br>
<br>
<br>
<br>
 ---------->Leads extracted and save successfully from profile 4278582335 na tabela leads<br>
<br>
<br>
<br>
 ---------->Leads extracted and save successfully from profile 326436624 na tabela leads<br>
<br>
<br>
<br>
 ---------->Leads extracted and save successfully from profile 252511660 na tabela leads<br>
<br>
<br>
<br>
 ---------->Leads extracted and save successfully from profile 6818013012 na tabela leads<br>
<br>
<br>
<br>
 ---------->Leads extracted and save successfully from profile 4111984150 na tabela leads<br>
<br>
<br>
<br>
 ---------->Leads extracted and save successfully from profile 199034717 na tabela leads<br>
<br>
<br>
<br>
 ---------->Leads extracted and save successfully from profile 1536954813 na tabela leads<br>
<br>
<br>
<br>
 ---------->Leads extracted and save successfully from profile 5985636454 na tabela leads<br>
<br>
<br>
<br>
 ---------->Leads extracted and save successfully from profile 255224143 na tabela leads<br>
<br>
<br>
<br>
 ---------->Leads extracted and save successfully from profile 7233641908 na tabela leads<br>
<br>
<br>
<br>
 ---------->Leads extracted and save successfully from profile 251876513 na tabela leads<br>
<br>
<br>
<br>
 ---------->Leads extracted and save successfully from profile 6503808670 na tabela leads<br>
<br>
<br>
<br>
 ---------->Leads extracted and save successfully from profile 1364468139 na tabela leads<br>
<br>
<br>
<br>
 ---------->Leads extracted and save successfully from profile 26766286 na tabela leads<br>
<br>
<br>
<br>
 ---------->Leads extracted and save successfully from profile 462818352 na tabela leads<br>
<br>
<br>
<br>
 ---------->Leads extracted and save successfully from profile 7384544379 na tabela leads<br>
<br>
<br>
<br>
 ---------->Leads extracted and save successfully from profile 1438278751 na tabela leads<br>
<br>
<br>
<br>
 ---------->Leads extracted and save successfully from profile 2073509209 na tabela leads<br>
<br>
<br>
<br>
 ---------->Leads extracted and save successfully from profile 7594936267 na tabela leads<br>
<br>
<br>
<br>
 ---------->Leads extracted and save successfully from profile 996564410 na tabela leads<br>
<br>
<br>
<br>
 ---------->Leads extracted and save successfully from profile 348650049 na tabela leads<br>
<br>
<br>
<br>
 ---------->Leads extracted and save successfully from profile 1552639520 na tabela leads<br>
<br>
<br>
<br>
 ---------->Leads extracted and save successfully from profile 7786718689 na tabela leads<br>
<br>
<br>
<br>
 ---------->Leads extracted and save successfully from profile 7399096698 na tabela leads<br>
<br>
<br>
<br>
 ---------->Leads extracted and save successfully from profile 1647879327 na tabela leads<br>
<br>
<br>
<br>
 ---------->Leads extracted and save successfully from profile 221985139 na tabela leads<br>
<br>
<br>
<br>
 ---------->Leads extracted and save successfully from profile 1274414517 na tabela leads<br>
<br>
 Client ---> pedropetti  Campaing --> 11  Profile --> bancointer:  proccess correctly<br><br>

<br>
<br>
 ---------->Leads extracted and save successfully from profile 4175135838 na tabela leads<br>
<br>
<br>
<br>
 ---------->Leads extracted and save successfully from profile 181492809 na tabela leads<br>
<br>
<br>
<br>
 ---------->Leads extracted and save successfully from profile 234562055 na tabela leads<br>
<br>
<br>
<br>
 ---------->Leads extracted and save successfully from profile 380626342 na tabela leads<br>
<br>
<br>
<br>
 ---------->Leads extracted and save successfully from profile 6935965034 na tabela leads<br>
<br>
<br>
<br>
 ---------->Leads extracted and save successfully from profile 1303049470 na tabela leads<br>
<br>
<br>
<br>
 ---------->Leads extracted and save successfully from profile 7783398267 na tabela leads<br>
<br>
<br>
<br>
 ---------->Leads extracted and save successfully from profile 40184890 na tabela leads<br>
<br>
<br>
<br>
 ---------->Leads extracted and save successfully from profile 1329426209 na tabela leads<br>
<br>
<br>
<br>
 ---------->Leads extracted and save successfully from profile 2081783404 na tabela leads<br>
<br>
<br>
<br>
 ---------->Leads extracted and save successfully from profile 1446391131 na tabela leads<br>
<br>
<br>
<br>
 ---------->Leads extracted and save successfully from profile 3145516086 na tabela leads<br>
<br>
<br>
<br>
 ---------->Leads extracted and save successfully from profile 218005924 na tabela leads<br>
<br>
<br>
<br>
 ---------->Leads extracted and save successfully from profile 7755273958 na tabela leads<br>
<br>
<br>
<br>
 ---------->Leads extracted and save successfully from profile 182035450 na tabela leads<br>
<br>
<br>
<br>
 ---------->Leads extracted and save successfully from profile 4996177762 na tabela leads<br>
<br>
<br>
<br>
 ---------->Leads extracted and save successfully from profile 7749055805 na tabela leads<br>
<br>
 Client ---> pedropetti  Campaing --> 10  Profile --> oramainvestimentos:  proccess correctly<br><br>

<br>
<br>
 ---------->Leads extracted and save successfully from profile 4888233674 na tabela leads<br>
<br>
<br>
<br>
 ---------->Leads extracted and save successfully from profile 4714433005 na tabela leads<br>
<br>
<br>
<br>
 ---------->Leads extracted and save successfully from profile 6962878449 na tabela leads<br>
<br>
<br>
<br>
 ---------->Leads extracted and save successfully from profile 6011709719 na tabela leads<br>
<br>
<br>
<br>
 ---------->Leads extracted and save successfully from profile 7795600679 na tabela leads<br>
<br>
<br>
<br>
 ---------->Leads extracted and save successfully from profile 7802725364 na tabela leads<br>
<br>
<br>
<br>
 ---------->Leads extracted and save successfully from profile 341264869 na tabela leads<br>
<br>
<br>
<br>
 ---------->Leads extracted and save successfully from profile 1032006844 na tabela leads<br>
<br>
<br>
<br>
 ---------->Leads extracted and save successfully from profile 3625520441 na tabela leads<br>
<br>
<br>
<br>
 ---------->Leads extracted and save successfully from profile 5735272488 na tabela leads<br>
<br>
<br>
<br>
 ---------->Leads extracted and save successfully from profile 2881237300 na tabela leads<br>
<br>
<br>
<br>
 ---------->Leads extracted and save successfully from profile 7803500801 na tabela leads<br>
<br>
<br>
<br>
 ---------->Leads extracted and save successfully from profile 3590628332 na tabela leads<br>
<br>
 Client ---> josergm86  Campaing --> 4  Profile --> ronaldo:  proccess correctly<br><br>

<br>
<br>
 ---------->Leads extracted and save successfully from profile 372230249 na tabela leads<br>
<br>
<br>
<br>
 ---------->Leads extracted and save successfully from profile 37474453 na tabela leads<br>
<br>
<br>
<br>
 ---------->Leads extracted and save successfully from profile 343762852 na tabela leads<br>
<br>
<br>
<br>
 ---------->Leads extracted and save successfully from profile 1589375695 na tabela leads<br>
<br>
<br>
<br>
 ---------->Leads extracted and save successfully from profile 260079820 na tabela leads<br>
<br>
<br>
<br>
 ---------->Leads extracted and save successfully from profile 1726894721 na tabela leads<br>
<br>
<br>
<br>
 ---------->Leads extracted and save successfully from profile 194065068 na tabela leads<br>
<br>
<br>
<br>
 ---------->Leads extracted and save successfully from profile 2015436504 na tabela leads<br>
<br>
<br>
<br>
 ---------->Leads extracted and save successfully from profile 1125858877 na tabela leads<br>
<br>
<br>
<br>
 ---------->Leads extracted and save successfully from profile 2178153058 na tabela leads<br>
<br>
<br>
<br>
 ---------->Leads extracted and save successfully from profile 6239137536 na tabela leads<br>
<br>
<br>
<br>
 ---------->Leads extracted and save successfully from profile 7454341971 na tabela leads<br>
<br>
<br>
<br>
 ---------->Leads extracted and save successfully from profile 1280164767 na tabela leads<br>
<br>
<br>
<br>
 ---------->Leads extracted and save successfully from profile 4212886360 na tabela leads<br>
<br>
<br>
<br>
 ---------->Leads extracted and save successfully from profile 1012780089 na tabela leads<br>
<br>
<br>
<br>
 ---------->Leads extracted and save successfully from profile 1446220103 na tabela leads<br>
<br>
<br>
<br>
 ---------->Leads extracted and save successfully from profile 4064192640 na tabela leads<br>
<br>
<br>
<br>
 ---------->Leads extracted and save successfully from profile 30826386 na tabela leads<br>
<br>
<br>
<br>
 ---------->Leads extracted and save successfully from profile 7587257150 na tabela leads<br>
<br>
<br>
<br>
 ---------->Leads extracted and save successfully from profile 1684503225 na tabela leads<br>
<br>
<br>
<br>
 ---------->Leads extracted and save successfully from profile 5964817217 na tabela leads<br>
<br>
 Client ---> pedropetti  Campaing --> 9  Profile --> nubankbrasil:  proccess correctly<br><br>

<br>
<br>
 ---------->Leads extracted and save successfully from profile 1414305687 na tabela leads<br>
<br>
<br>
<br>
 ---------->Leads extracted and save successfully from profile 1171073793 na tabela leads<br>
<br>
<br>
<br>
 ---------->Leads extracted and save successfully from profile 6260453381 na tabela leads<br>
<br>
<br>
<br>
 ---------->Leads extracted and save successfully from profile 7693135921 na tabela leads<br>
<br>
<br>
<br>
 ---------->Leads extracted and save successfully from profile 1707025545 na tabela leads<br>
<br>
<br>
<br>
 ---------->Leads extracted and save successfully from profile 5178062102 na tabela leads<br>
<br>
<br>
<br>
 ---------->Leads extracted and save successfully from profile 2491434346 na tabela leads<br>
<br>
<br>
<br>
 ---------->Leads extracted and save successfully from profile 3046724805 na tabela leads<br>
<br>
<br>
<br>
 ---------->Leads extracted and save successfully from profile 7498585961 na tabela leads<br>
<br>
<br>
<br>
 ---------->Leads extracted and save successfully from profile 6979045208 na tabela leads<br>
<br>
<br>
<br>
 ---------->Leads extracted and save successfully from profile 5377826122 na tabela leads<br>
<br>
<br>
<br>
 ---------->Leads extracted and save successfully from profile 7474112673 na tabela leads<br>
<br>
<br>
<br>
 ---------->Leads extracted and save successfully from profile 7509170194 na tabela leads<br>
<br>
<br>
<br>
 ---------->Leads extracted and save successfully from profile 1153736350 na tabela leads<br>
<br>
<br>
<br>
 ---------->Leads extracted and save successfully from profile 1786458475 na tabela leads<br>
<br>
<br>
<br>
 ---------->Leads extracted and save successfully from profile 300436029 na tabela leads<br>
<br>
<br>
<br>
 ---------->Leads extracted and save successfully from profile 1103680557 na tabela leads<br>
<br>
<br>
<br>
 ---------->Leads extracted and save successfully from profile 6200374652 na tabela leads<br>
<br>
<br>
<br>
 ---------->Leads extracted and save successfully from profile 2311707159 na tabela leads<br>
<br>
<br>
<br>
 ---------->Leads extracted and save successfully from profile 4166125529 na tabela leads<br>
<br>
<br>
<br>
 ---------->Leads extracted and save successfully from profile 1663082915 na tabela leads<br>
<br>
 Client ---> pedropetti  Campaing --> 8  Profile --> bradescoprime:  proccess correctly<br><br>

<br>
<br>
 ---------->Leads extracted and save successfully from profile 5326683862 na tabela leads<br>
<br>
<br>
<br>
 ---------->Leads extracted and save successfully from profile 1788433687 na tabela leads<br>
<br>
<br>
<br>
 ---------->Leads extracted and save successfully from profile 1649322616 na tabela leads<br>
<br>
<br>
<br>
 ---------->Leads extracted and save successfully from profile 2520430661 na tabela leads<br>
<br>
<br>
<br>
 ---------->Leads extracted and save successfully from profile 7715539822 na tabela leads<br>
<br>
 Client ---> josergm86  Campaing --> 4  Profile --> neymarjrlover2:  proccess correctly<br><br>

<br>
<br>
 ---------->Leads extracted and save successfully from profile 197528376 na tabela leads<br>
<br>
<br>
<br>
 ---------->Leads extracted and save successfully from profile 572694719 na tabela leads<br>
<br>
<br>
<br>
 ---------->Leads extracted and save successfully from profile 7284185710 na tabela leads<br>
<br>
<br>
<br>
 ---------->Leads extracted and save successfully from profile 50702440 na tabela leads<br>
<br>
<br>
<br>
 ---------->Leads extracted and save successfully from profile 5062968138 na tabela leads<br>
<br>
<br>
<br>
 ---------->Leads extracted and save successfully from profile 5479483285 na tabela leads<br>
<br>
<br>
<br>
 ---------->Leads extracted and save successfully from profile 1392874184 na tabela leads<br>
<br>
<br>
<br>
 ---------->Leads extracted and save successfully from profile 7803717791 na tabela leads<br>
<br>
<br>
<br>
 ---------->Leads extracted and save successfully from profile 1950196750 na tabela leads<br>
<br>
<br>
<br>
 ---------->Leads extracted and save successfully from profile 199002451 na tabela leads<br>
<br>
<br>
<br>
 ---------->Leads extracted and save successfully from profile 5523177962 na tabela leads<br>
<br>
<br>
<br>
 ---------->Leads extracted and save successfully from profile 7711290744 na tabela leads<br>
<br>
<br>
<br>
 ---------->Leads extracted and save successfully from profile 5964817217 na tabela leads<br>
<br>
<br>
<br>
 ---------->Leads extracted and save successfully from profile 7451299718 na tabela leads<br>
<br>
<br>
<br>
 ---------->Leads extracted and save successfully from profile 1542118820 na tabela leads<br>
<br>
<br>
<br>
 ---------->Leads extracted and save successfully from profile 685190594 na tabela leads<br>
<br>
<br>
<br>
 ---------->Leads extracted and save successfully from profile 195738666 na tabela leads<br>
<br>
<br>
<br>
 ---------->Leads extracted and save successfully from profile 5800458773 na tabela leads<br>
<br>
<br>
<br>
 ---------->Leads extracted and save successfully from profile 3565361814 na tabela leads<br>
<br>
<br>
<br>
 ---------->Leads extracted and save successfully from profile 7413523562 na tabela leads<br>
<br>
<br>
<br>
 ---------->Leads extracted and save successfully from profile 2078895237 na tabela leads<br>
<br>
<br>
<br>
 ---------->Leads extracted and save successfully from profile 2935519594 na tabela leads<br>
<br>
<br>
<br>
 ---------->Leads extracted and save successfully from profile 4278582335 na tabela leads<br>
<br>
 Client ---> pedropetti  Campaing --> 12  Profile --> xpinvestimentos:  proccess correctly<br><br>

<br>
<br>
 ---------->Leads extracted and save successfully from profile 645048432 na tabela leads<br>
<br>
<br>
<br>
 ---------->Leads extracted and save successfully from profile 567090226 na tabela leads<br>
<br>
<br>
<br>
 ---------->Leads extracted and save successfully from profile 350970775 na tabela leads<br>
<br>
<br>
<br>
 ---------->Leads extracted and save successfully from profile 2684053470 na tabela leads<br>
<br>
<br>
<br>
 ---------->Leads extracted and save successfully from profile 4686710324 na tabela leads<br>
<br>
<br>
<br>
 ---------->Leads extracted and save successfully from profile 1422738593 na tabela leads<br>
<br>
<br>
<br>
 ---------->Leads extracted and save successfully from profile 266443922 na tabela leads<br>
<br>
<br>
<br>
 ---------->Leads extracted and save successfully from profile 7740294822 na tabela leads<br>
<br>
<br>
<br>
 ---------->Leads extracted and save successfully from profile 2202214463 na tabela leads<br>
<br>
<br>
<br>
 ---------->Leads extracted and save successfully from profile 30621379 na tabela leads<br>
<br>
<br>
<br>
 ---------->Leads extracted and save successfully from profile 4379157207 na tabela leads<br>
<br>
<br>
<br>
 ---------->Leads extracted and save successfully from profile 1094956735 na tabela leads<br>
<br>
<br>
<br>
 ---------->Leads extracted and save successfully from profile 4001538887 na tabela leads<br>
<br>
<br>
<br>
 ---------->Leads extracted and save successfully from profile 270989876 na tabela leads<br>
<br>
<br>
<br>
 ---------->Leads extracted and save successfully from profile 45110073 na tabela leads<br>
<br>
<br>
<br>
 ---------->Leads extracted and save successfully from profile 1665305050 na tabela leads<br>
<br>
<br>
<br>
 ---------->Leads extracted and save successfully from profile 1262135215 na tabela leads<br>
<br>
<br>
<br>
 ---------->Leads extracted and save successfully from profile 2083335737 na tabela leads<br>
<br>
<br>
<br>
 ---------->Leads extracted and save successfully from profile 7173409649 na tabela leads<br>
<br>
 Client ---> pedropetti  Campaing --> 12  Profile --> guideinvestimentos:  proccess correctly<br><br>

<br>
<br>
 ---------->Leads extracted and save successfully from profile 190086715 na tabela leads<br>
<br>
<br>
<br>
 ---------->Leads extracted and save successfully from profile 3661397160 na tabela leads<br>
<br>
<br>
<br>
 ---------->Leads extracted and save successfully from profile 438789747 na tabela leads<br>
<br>
<br>
<br>
 ---------->Leads extracted and save successfully from profile 212805352 na tabela leads<br>
<br>
<br>
<br>
 ---------->Leads extracted and save successfully from profile 2291836991 na tabela leads<br>
<br>
<br>
<br>
 ---------->Leads extracted and save successfully from profile 1586038981 na tabela leads<br>
<br>
<br>
<br>
 ---------->Leads extracted and save successfully from profile 5525038929 na tabela leads<br>
<br>
<br>
<br>
 ---------->Leads extracted and save successfully from profile 185212365 na tabela leads<br>
<br>
<br>
<br>
 ---------->Leads extracted and save successfully from profile 4928737781 na tabela leads<br>
<br>
<br>
<br>
 ---------->Leads extracted and save successfully from profile 388022458 na tabela leads<br>
<br>
<br>
<br>
 ---------->Leads extracted and save successfully from profile 7543334389 na tabela leads<br>
<br>
<br>
<br>
 ---------->Leads extracted and save successfully from profile 346762428 na tabela leads<br>
<br>
<br>
<br>
 ---------->Leads extracted and save successfully from profile 28638628 na tabela leads<br>
<br>
 Client ---> pedropetti  Campaing --> 11  Profile --> bancodaycoval:  proccess correctly<br><br>

<br>
<br>
 ---------->Leads extracted and save successfully from profile 7589171962 na tabela leads<br>
<br>
<br>
<br>
 ---------->Leads extracted and save successfully from profile 6888753683 na tabela leads<br>
<br>
<br>
<br>
 ---------->Leads extracted and save successfully from profile 16888154 na tabela leads<br>
<br>
<br>
<br>
 ---------->Leads extracted and save successfully from profile 4198038573 na tabela leads<br>
<br>
<br>
<br>
 ---------->Leads extracted and save successfully from profile 5909702509 na tabela leads<br>
<br>
<br>
<br>
 ---------->Leads extracted and save successfully from profile 4517715814 na tabela leads<br>
<br>
<br>
<br>
 ---------->Leads extracted and save successfully from profile 6076236135 na tabela leads<br>
<br>
<br>
<br>
 ---------->Leads extracted and save successfully from profile 7782906906 na tabela leads<br>
<br>
<br>
<br>
 ---------->Leads extracted and save successfully from profile 282271889 na tabela leads<br>
<br>
<br>
<br>
 ---------->Leads extracted and save successfully from profile 2024083697 na tabela leads<br>
<br>
<br>
<br>
 ---------->Leads extracted and save successfully from profile 180674115 na tabela leads<br>
<br>
<br>
<br>
 ---------->Leads extracted and save successfully from profile 52094635 na tabela leads<br>
<br>
<br>
<br>
 ---------->Leads extracted and save successfully from profile 7750450392 na tabela leads<br>
<br>
<br>
<br>
 ---------->Leads extracted and save successfully from profile 4582865317 na tabela leads<br>
<br>
<br>
<br>
 ---------->Leads extracted and save successfully from profile 5886724442 na tabela leads<br>
<br>
<br>
<br>
 ---------->Leads extracted and save successfully from profile 252511660 na tabela leads<br>
<br>
<br>
<br>
 ---------->Leads extracted and save successfully from profile 1203107508 na tabela leads<br>
<br>
<br>
<br>
 ---------->Leads extracted and save successfully from profile 7399096698 na tabela leads<br>
<br>
<br>
<br>
 ---------->Leads extracted and save successfully from profile 178367113 na tabela leads<br>
<br>
<br>
<br>
 ---------->Leads extracted and save successfully from profile 1213111541 na tabela leads<br>
<br>
<br>
<br>
 ---------->Leads extracted and save successfully from profile 7749352845 na tabela leads<br>
<br>
<br>
<br>
 ---------->Leads extracted and save successfully from profile 7747218705 na tabela leads<br>
<br>
<br>
<br>
 ---------->Leads extracted and save successfully from profile 3875091763 na tabela leads<br>
<br>
<br>
<br>
 ---------->Leads extracted and save successfully from profile 6070864274 na tabela leads<br>
<br>
<br>
<br>
 ---------->Leads extracted and save successfully from profile 1984737319 na tabela leads<br>
<br>
<br>
<br>
 ---------->Leads extracted and save successfully from profile 274469699 na tabela leads<br>
<br>
<br>
<br>
 ---------->Leads extracted and save successfully from profile 7208267207 na tabela leads<br>
<br>
<br>
<br>
 ---------->Leads extracted and save successfully from profile 1720151334 na tabela leads<br>
<br>
<br>
<br>
 ---------->Leads extracted and save successfully from profile 6780300027 na tabela leads<br>
<br>
<br>
<br>
 ---------->Leads extracted and save successfully from profile 7341488891 na tabela leads<br>
<br>
<br>
<br>
 ---------->Leads extracted and save successfully from profile 7554485549 na tabela leads<br>
<br>
<br>
<br>
 ---------->Leads extracted and save successfully from profile 7756032323 na tabela leads<br>
<br>
<br>
<br>
 ---------->Leads extracted and save successfully from profile 7114430951 na tabela leads<br>
<br>
<br>
<br>
 ---------->Leads extracted and save successfully from profile 2666900647 na tabela leads<br>
<br>
<br>
<br>
 ---------->Leads extracted and save successfully from profile 1980022405 na tabela leads<br>
<br>
<br>
<br>
 ---------->Leads extracted and save successfully from profile 7673312224 na tabela leads<br>
<br>
<br>
<br>
 ---------->Leads extracted and save successfully from profile 3426802095 na tabela leads<br>
<br>
<br>
<br>
 ---------->Leads extracted and save successfully from profile 192709100 na tabela leads<br>
<br>
<br>
<br>
 ---------->Leads extracted and save successfully from profile 4159029572 na tabela leads<br>
<br>
 Client ---> pedropetti  Campaing --> 10  Profile --> btgpactualdigital:  proccess correctly<br><br>

<br>
<br>
 ---------->Leads extracted and save successfully from profile 478122191 na tabela leads<br>
<br>
<br>
<br>
 ---------->Leads extracted and save successfully from profile 1692899601 na tabela leads<br>
<br>
<br>
<br>
 ---------->Leads extracted and save successfully from profile 235944775 na tabela leads<br>
<br>
<br>
<br>
 ---------->Leads extracted and save successfully from profile 215921175 na tabela leads<br>
<br>
<br>
<br>
 ---------->Leads extracted and save successfully from profile 4554345904 na tabela leads<br>
<br>
<br>
<br>
 ---------->Leads extracted and save successfully from profile 7785220560 na tabela leads<br>
<br>
<br>
<br>
 ---------->Leads extracted and save successfully from profile 494956697 na tabela leads<br>
<br>
<br>
<br>
 ---------->Leads extracted and save successfully from profile 7149469287 na tabela leads<br>
<br>
<br>
<br>
 ---------->Leads extracted and save successfully from profile 185729696 na tabela leads<br>
<br>
<br>
<br>
 ---------->Leads extracted and save successfully from profile 7164824226 na tabela leads<br>
<br>
<br>
<br>
 ---------->Leads extracted and save successfully from profile 1643262114 na tabela leads<br>
<br>
<br>
<br>
 ---------->Leads extracted and save successfully from profile 286230259 na tabela leads<br>
<br>
<br>
<br>
 ---------->Leads extracted and save successfully from profile 2533166696 na tabela leads<br>
<br>
<br>
<br>
 ---------->Leads extracted and save successfully from profile 909606440 na tabela leads<br>
<br>
<br>
<br>
 ---------->Leads extracted and save successfully from profile 6218542716 na tabela leads<br>
<br>
<br>
<br>
 ---------->Leads extracted and save successfully from profile 7566743142 na tabela leads<br>
<br>
<br>
<br>
 ---------->Leads extracted and save successfully from profile 4278582335 na tabela leads<br>
<br>
<br>
<br>
 ---------->Leads extracted and save successfully from profile 1510033143 na tabela leads<br>
<br>
 Client ---> pedropetti  Campaing --> 9  Profile --> nubankbrasil:  proccess correctly<br><br>

<br>
<br>
 ---------->Leads extracted and save successfully from profile 7283037656 na tabela leads<br>
<br>
<br>
<br>
 ---------->Leads extracted and save successfully from profile 2161239765 na tabela leads<br>
<br>
<br>
<br>
 ---------->Leads extracted and save successfully from profile 2079167569 na tabela leads<br>
<br>
<br>
<br>
 ---------->Leads extracted and save successfully from profile 7193407021 na tabela leads<br>
<br>
<br>
<br>
 ---------->Leads extracted and save successfully from profile 7220475727 na tabela leads<br>
<br>
<br>
<br>
 ---------->Leads extracted and save successfully from profile 310347258 na tabela leads<br>
<br>
<br>
<br>
 ---------->Leads extracted and save successfully from profile 17034212 na tabela leads<br>
<br>
<br>
<br>
 ---------->Leads extracted and save successfully from profile 1793582871 na tabela leads<br>
<br>
<br>
<br>
 ---------->Leads extracted and save successfully from profile 222245541 na tabela leads<br>
<br>
<br>
<br>
 ---------->Leads extracted and save successfully from profile 6038491161 na tabela leads<br>
<br>
<br>
<br>
 ---------->Leads extracted and save successfully from profile 1377312229 na tabela leads<br>
<br>
<br>
<br>
 ---------->Leads extracted and save successfully from profile 2284200851 na tabela leads<br>
<br>
<br>
<br>
 ---------->Leads extracted and save successfully from profile 4954989986 na tabela leads<br>
<br>
<br>
<br>
 ---------->Leads extracted and save successfully from profile 638969 na tabela leads<br>
<br>
<br>
<br>
 ---------->Leads extracted and save successfully from profile 7040493150 na tabela leads<br>
<br>
<br>
<br>
 ---------->Leads extracted and save successfully from profile 428528274 na tabela leads<br>
<br>
<br>
<br>
 ---------->Leads extracted and save successfully from profile 35630226 na tabela leads<br>
<br>
<br>
<br>
 ---------->Leads extracted and save successfully from profile 6974475544 na tabela leads<br>
<br>
<br>
<br>
 ---------->Leads extracted and save successfully from profile 6259800145 na tabela leads<br>
<br>
<br>
<br>
 ---------->Leads extracted and save successfully from profile 6096256305 na tabela leads<br>
<br>
<br>
<br>
 ---------->Leads extracted and save successfully from profile 2254357819 na tabela leads<br>
<br>
<br>
<br>
 ---------->Leads extracted and save successfully from profile 5704387088 na tabela leads<br>
<br>
<br>
<br>
 ---------->Leads extracted and save successfully from profile 1350376033 na tabela leads<br>
<br>
<br>
<br>
 ---------->Leads extracted and save successfully from profile 1631809484 na tabela leads<br>
<br>
 Client ---> pedropetti  Campaing --> 8  Profile --> bradescoprime:  proccess correctly<br><br>

<br />
<b>Notice</b>:  Undefined variable: login_data in <b>/opt/lampp/htdocs/leads/worker/class/Robot.php</b> on line <b>397</b><br />
<br />
<b>Notice</b>:  Undefined variable: login_data in <b>/opt/lampp/htdocs/leads/worker/class/Robot.php</b> on line <b>397</b><br />
<br />
<b>Notice</b>:  Undefined variable: login_data in <b>/opt/lampp/htdocs/leads/worker/class/Robot.php</b> on line <b>397</b><br />
<br />
<b>Notice</b>:  Undefined variable: login_data in <b>/opt/lampp/htdocs/leads/worker/class/Robot.php</b> on line <b>397</b><br />
<br />
<b>Notice</b>:  Undefined variable: login_data in <b>/opt/lampp/htdocs/leads/worker/class/Robot.php</b> on line <b>397</b><br />
<br>
<br>
 ---------->Leads extracted and save successfully from profile 1492959213 na tabela leads<br>
<br>
 Client ---> pedropetti  Campaing --> 6  Profile --> santanderbrasil:  proccess correctly<br><br>

<br>
<br>
 ---------->Leads extracted and save successfully from profile 490773525 na tabela leads<br>
<br>
<br>
<br>
 ---------->Leads extracted and save successfully from profile 337904407 na tabela leads<br>
<br>
<br>
<br>
 ---------->Leads extracted and save successfully from profile 4080385999 na tabela leads<br>
<br>
<br>
<br>
 ---------->Leads extracted and save successfully from profile 542401061 na tabela leads<br>
<br>
<br>
<br>
 ---------->Leads extracted and save successfully from profile 1354791273 na tabela leads<br>
<br>
<br>
<br>
 ---------->Leads extracted and save successfully from profile 1001898057 na tabela leads<br>
<br>
<br>
<br>
 ---------->Leads extracted and save successfully from profile 6260453381 na tabela leads<br>
<br>
<br>
<br>
 ---------->Leads extracted and save successfully from profile 7208267207 na tabela leads<br>
<br>
<br>
<br>
 ---------->Leads extracted and save successfully from profile 1720151334 na tabela leads<br>
<br>
<br>
<br>
 ---------->Leads extracted and save successfully from profile 1987462271 na tabela leads<br>
<br>
<br>
<br>
 ---------->Leads extracted and save successfully from profile 373371168 na tabela leads<br>
<br>
<br>
<br>
 ---------->Leads extracted and save successfully from profile 1292847835 na tabela leads<br>
<br>
<br>
<br>
 ---------->Leads extracted and save successfully from profile 7756032323 na tabela leads<br>
<br>
<br>
<br>
 ---------->Leads extracted and save successfully from profile 528934215 na tabela leads<br>
<br>
<br>
<br>
 ---------->Leads extracted and save successfully from profile 237012882 na tabela leads<br>
<br>
<br>
<br>
 ---------->Leads extracted and save successfully from profile 316811515 na tabela leads<br>
<br>
<br>
<br>
 ---------->Leads extracted and save successfully from profile 223701529 na tabela leads<br>
<br>
<br>
<br>
 ---------->Leads extracted and save successfully from profile 219487878 na tabela leads<br>
<br>
<br>
<br>
 ---------->Leads extracted and save successfully from profile 1377841131 na tabela leads<br>
<br>
<br>
<br>
 ---------->Leads extracted and save successfully from profile 7465783168 na tabela leads<br>
<br>
<br>
<br>
 ---------->Leads extracted and save successfully from profile 1337353822 na tabela leads<br>
<br>
<br>
<br>
 ---------->Leads extracted and save successfully from profile 2112370516 na tabela leads<br>
<br>
<br>
<br>
 ---------->Leads extracted and save successfully from profile 1274494193 na tabela leads<br>
<br>
<br>
<br>
 ---------->Leads extracted and save successfully from profile 7542780671 na tabela leads<br>
<br>
<br>
<br>
 ---------->Leads extracted and save successfully from profile 4002367609 na tabela leads<br>
<br>
<br>
<br>
 ---------->Leads extracted and save successfully from profile 1468482573 na tabela leads<br>
<br>
<br>
<br>
 ---------->Leads extracted and save successfully from profile 236687707 na tabela leads<br>
<br>
 Client ---> pedropetti  Campaing --> 5  Profile --> santanderbrasil:  proccess correctly<br><br>

<br>
<br>
 ---------->Leads extracted and save successfully from profile 1360154752 na tabela leads<br>
<br>
<br>
<br>
 ---------->Leads extracted and save successfully from profile 2935519594 na tabela leads<br>
<br>
<br>
<br>
 ---------->Leads extracted and save successfully from profile 4278582335 na tabela leads<br>
<br>
<br>
<br>
 ---------->Leads extracted and save successfully from profile 326436624 na tabela leads<br>
<br>
<br>
<br>
 ---------->Leads extracted and save successfully from profile 1497219297 na tabela leads<br>
<br>
<br>
<br>
 ---------->Leads extracted and save successfully from profile 1179175537 na tabela leads<br>
<br>
<br>
<br>
 ---------->Leads extracted and save successfully from profile 4837319723 na tabela leads<br>
<br>
<br>
<br>
 ---------->Leads extracted and save successfully from profile 7773034466 na tabela leads<br>
<br>
<br>
<br>
 ---------->Leads extracted and save successfully from profile 1559718406 na tabela leads<br>
<br>
<br>
<br>
 ---------->Leads extracted and save successfully from profile 7451299718 na tabela leads<br>
<br>
<br>
<br>
 ---------->Leads extracted and save successfully from profile 4061853614 na tabela leads<br>
<br>
<br>
<br>
 ---------->Leads extracted and save successfully from profile 814275479 na tabela leads<br>
<br>
<br>
<br>
 ---------->Leads extracted and save successfully from profile 469531167 na tabela leads<br>
<br>
<br>
<br>
 ---------->Leads extracted and save successfully from profile 1093752894 na tabela leads<br>
<br>
<br>
<br>
 ---------->Leads extracted and save successfully from profile 1102896655 na tabela leads<br>
<br>
<br>
<br>
 ---------->Leads extracted and save successfully from profile 4728140 na tabela leads<br>
<br>
<br>
<br>
 ---------->Leads extracted and save successfully from profile 3155527727 na tabela leads<br>
<br>
<br>
<br>
 ---------->Leads extracted and save successfully from profile 469520440 na tabela leads<br>
<br>
<br>
<br>
 ---------->Leads extracted and save successfully from profile 7640537199 na tabela leads<br>
<br>
<br>
<br>
 ---------->Leads extracted and save successfully from profile 3668039124 na tabela leads<br>
<br>
<br>
<br>
 ---------->Leads extracted and save successfully from profile 462818352 na tabela leads<br>
<br>
<br>
<br>
 ---------->Leads extracted and save successfully from profile 6734705595 na tabela leads<br>
<br>
<br>
<br>
 ---------->Leads extracted and save successfully from profile 1563032835 na tabela leads<br>
<br>
<br>
<br>
 ---------->Leads extracted and save successfully from profile 7283037656 na tabela leads<br>
<br>
<br>
<br>
 ---------->Leads extracted and save successfully from profile 478103293 na tabela leads<br>
<br>
<br>
<br>
 ---------->Leads extracted and save successfully from profile 1222365713 na tabela leads<br>
<br>
 Client ---> pedropetti  Campaing --> 12  Profile --> ricocomvc:  proccess correctly<br><br>

<br>
<br>
 ---------->Leads extracted and save successfully from profile 1649316332 na tabela leads<br>
<br>
<br>
<br>
 ---------->Leads extracted and save successfully from profile 5432600777 na tabela leads<br>
<br>
<br>
<br>
 ---------->Leads extracted and save successfully from profile 6964230215 na tabela leads<br>
<br>
 Client ---> pedropetti  Campaing --> 12  Profile --> genialinvestimentos:  proccess correctly<br><br>

<br>
<br>
 ---------->Leads extracted and save succne <b>397</b><br />
<br />
<b>Notice</b>:  Undefined variable: login_data in <b>/opt/lampp/htdocs/leads/worker/class/Robot.php</b> on line <b>397</b><br />
 Client ---> pedropetti  Campaing --> 6  Profile --> santandervangogh:  proccess correctly<br><br>

<br>
<br>
 ---------->Leads extracted and save successfully from profile 5872168687 na tabela leads<br>
<br>
<br>
<br>
 ---------->Leads extracted and save successfully from profile 6229953610 na tabela leads<br>
<br>
<br>
<br>
 ---------->Leads extracted and save successfully from profile 251078928 na tabela leads<br>
<br>
<br>
<br>
 ---------->Leads extracted and save successfully from profile 2182053891 na tabela leads<br>
<br>
<br>
<br>
 ---------->Leads extracted and save successfully from profile 795956731 na tabela leads<br>
<br>
<br>
<br>
 ---------->Leads extracted and save successfully from profile 1813112940 na tabela leads<br>
<br>
 Client ---> pedropetti  Campaing --> 11  Profile --> bancointer:  proccess correctly<br><br>

<br>
<br>
 ---------->Leads extracted and save successfully from profile 1736625663 na tabela leads<br>
<br>
<br>
<br>
 ---------->Leads extracted and save successfully from profile 7116548686 na tabela leads<br>
<br>
<br>
<br>
 ---------->Leads extracted and save successfully from profile 6149655936 na tabela leads<br>
<br>
<br>
<br>
 ---------->Leads extracted and save successfully from profile 2082070353 na tabela leads<br>
<br>
<br>
<br>
 ---------->Leads extracted and save successfully from profile 3659300991 na tabela leads<br>
<br>
<br>
<br>
 ---------->Leads extracted and save successfully from profile 6650317787 na tabela leads<br>
<br>
<br>
<br>
 ---------->Leads extracted and save successfully from profile 1378591562 na tabela leads<br>
<br>
<br>
<br>
 ---------->Leads extracted and save successfully from profile 1038931919 na tabela leads<br>
<br>
<br>
<br>
 ---------->Leads extracted and save successfully from profile 7302576822 na tabela leads<br>
<br>
<br>
<br>
 ---------->Leads extracted and save successfully from profile 4343717217 na tabela leads<br>
<br>
<br>
<br>
 ---------->Leads extracted and save successfully from profile 7200755981 na tabela leads<br>
<br>
<br>
<br>
 ---------->Leads extracted and save successfully from profile 6911862906 na tabela leads<br>
<br>
<br>
<br>
 ---------->Leads extracted and save successfully from profile 1900490644 na tabela leads<br>
<br>
<br>
<br>
 ---------->Leads extracted and save successfully from profile 7185020006 na tabela leads<br>
<br>
 Client ---> pedropetti  Campaing --> 12  Profile --> magnetisinvestimentos:  proccess correctly<br><br>

<br>
<br>
 ---------->Leads extracted and save successfully from profile 662999342 na tabela leads<br>
<br>
<br>
<br>
 ---------->Leads extracted and save successfully from profile 1440944166 na tabela leads<br>
<br>
<br>
<br>
 ---------->Leads extracted and save successfully from profile 3540629825 na tabela leads<br>
<br>
<br>
<br>
 ---------->Leads extracted and save successfully from profile 1478332297 na tabela leads<br>
<br>
<br>
<br>
 ---------->Leads extracted and save successfully from profile 598619172 na tabela leads<br>
<br>
<br>
<br>
 ---------->Leads extracted and save successfully from profile 3422246892 na tabela leads<br>
<br>
<br>
<br>
 ---------->Leads extracted and save successfully from profile 29845267 na tabela leads<br>
<br>
<br>
<br>
 ---------->Leads extracted and save successfully from profile 5796203480 na tabela leads<br>
<br>
<br>
<br>
 ---------->Leads extracted and save successfully from profile 1434163187 na tabela leads<br>
<br>
 Client ---> pedropetti  Campaing --> 12  Profile --> ativainvestimentos:  proccess correctly<br><br>

<br>
<br>
 ---------->Leads extracted and save successfully from profile 240524864 na tabela leads<br>
<br>
<br>
<br>
 ---------->Leads extracted and save successfully from profile 342489163 na tabela leads<br>
<br>
<br>
<br>
 ---------->Leads extracted and save successfully from profile 1536954813 na tabela leads<br>
<br>
<br>
<br>
 ---------->Leads extracted and save successfully from profile 413706000 na tabela leads<br>
<br>
<br>
<br>
 ---------->Leads extracted and save successfully from profile 467283116 na tabela leads<br>
<br>
<br>
<br>
 ---------->Leads extracted and save successfully from profile 5986971846 na tabela leads<br>
<br>
<br>
<br>
 ---------->Leads extracted and save successfully from profile 36387127 na tabela leads<br>
<br>
<br>
<br>
 ---------->Leads extracted and save successfully from profile 50128717 na tabela leads<br>
<br>
<br>
<br>
 ---------->Leads extracted and save successfully from profile 1094774555 na tabela leads<br>
<br>
<br>
<br>
 ---------->Leads extracted and save successfully from profile 23737497 na tabela leads<br>
<br>
<br>
<br>
 ---------->Leads extracted and save successfully from profile 268216393 na tabela leads<br>
<br>
<br>
<br>
 ---------->Leads extracted and save successfully from profile 857645293 na tabela leads<br>
<br>
<br>
<br>
 ---------->Leads extracted and save successfully from profile 524004418 na tabela leads<br>
<br>
<br>
<br>
 ---------->Leads extracted and save successfully from profile 465128387 na tabela leads<br>
<br>
<br>
<br>
 ---------->Leads extracted and save successfully from profile 7799183298 na tabela leads<br>
<br>
<br>
<br>
 ---------->Leads extracted and save successfully from profile 1089915056 na tabela leads<br>
<br>
<br>
<br>
 ---------->Leads extracted and save successfully from profile 26766286 na tabela leads<br>
<br>
<br>
<br>
 ---------->Leads extracted and save successfully from profile 297623831 na tabela leads<br>
<br>
<br>
<br>
 ---------->Leads extracted and save successfully from profile 329188262 na tabela leads<br>
<br>
 Client ---> pedropetti  Campaing --> 9  Profile --> nubankbrasil:  proccess correctly<br><br>

<br>
<br>
 ---------->Leads extracted and save successfully from profile 3914965374 na tabela leads<br>
<br>
<br>
<br>
 ---------->Leads extracted and save successfully from profile 1529783974 na tabela leads<br>
<br>
<br>
<br>
 ---------->Leads extracted and save successfully from profile 670808917 na tabela leads<br>
<br>
<br>
<br>
 ---------->Leads extracted and save successfully from profile 5849083788 na tabela leads<br>
<br>
<br>
<br>
 ---------->Leads extracted and save successfully from profile 1490521085 na tabela leads<br>
<br>
<br>
<br>
 ---------->Leads extracted and save successfully from profile 5879239988 na tabela leads<br>
<br>
<br>
<br>
 ---------->Leads extracted and save successfully from profile 5985888358 na tabela leads<br>
<br>
<br>
<br>
 ---------->Leads extracted and save successfully from profile 4517498045 na tabela leads<br>
<br>
<br>
<br>
 ---------->Leads extracted and save successfully from profile 4260696772 na tabela leads<br>
<br>
<br>
<br>
 ---------->Leads extracted and save successfully from profile 6131320831 na tabela leads<br>
<br>
<br>
<br>
 ---------->Leads extracted and save successfully from profile 2543396183 na tabela leads<br>
<br>
<br>
<br>
 ---------->Leads extracted and save successfully from profile 213296847 na tabela leads<br>
<br>
<br>
<br>
 ---------->Leads extracted and save successfully from profile 4761713023 na tabela leads<br>
<br>
<br>
<br>
 ---------->Leads extracted and save successfully from profile 510795821 na tabela leads<br>
<br>
<br>
<br>
 ---------->Leads extracted and save successfully from profile 6133343121 na tabela leads<br>
<br>
<br>
<br>
 ---------->Leads extracted and save successfully from profile 1581527158 na tabela leads<br>
<br>
<br>
<br>
 ---------->Leads extracted and save successfully from profile 5765902449 na tabela leads<br>
<br>
<br>
<br>
 ---------->Leads extracted and save successfully from profile 5529048450 na tabela leads<br>
<br>
<br>
<br>
 ---------->Leads extracted and save successfully from profile 1661177243 na tabela leads<br>
<br>
<br>
<br>
 ---------->Leads extracted and save successfully from profile 521567261 na tabela leads<br>
<br>
<br>
<br>
 ---------->Leads extracted and save successfully from profile 41345958 na tabela leads<br>
<br>
<br>
<br>
 ---------->Leads extracted and save successfully from profile 194188310 na tabela leads<br>
<br>
<br>
<br>
 ---------->Leads extracted and save successfully from profile 46061764 na tabela leads<br>
<br>
<br>
<br>
 ---------->Leads extracted and save successfully from profile 5861212799 na tabela leads<br>
<br>
<br>
<br>
 ---------->Leads extracted and save successfully from profile 557174316 na tabela leads<br>
<br>
<br>
<br>
 ---------->Leads extracted and save successfully from profile 5874804092 na tabela leads<br>
<br>
 Client ---> pedropetti  Campaing --> 8  Profile --> bradescoprime:  proccess correctly<br><br>

<br />
<b>Notice</b>:  Undefined variable: login_data in <b>/opt/lampp/htdocs/leads/worker/class/Robot.php</b> on line <b>397</b><br />
<br />
<b>Notice</b>:  Undefined variable: login_data in <b>/opt/lampp/htdocs/leads/worker/class/Robot.php</b> on line <b>397</b><br />
<br />
<b>Notice</b>:  Undefined variable: login_data in <b>/opt/lampp/htdocs/leads/worker/class/Robot.php</b> on line <b>397</b><br />
<br />
<b>Notice</b>:  Undefined variable: login_data in <b>/opt/lampp/htdocs/leads/worker/class/Robot.php</b> on line <b>397</b><br />
<br>
<br>
 ---------->Leads extracted and save successfully from profile 414826636 na tabela leads<br>
<br>
<br>
<br>
 ---------->Leads extracted and save successfully from profile 241624826 na tabela leads<br>
<br>
 Client ---> pedropetti  Campaing --> 6  Profile --> santandervangogh:  proccess correctly<br><br>

<br>
<br>
 ---------->Leads extracted and save successfully from profile 3029314556 na tabela leads<br>
<br>
<br>
<br>
 ---------->Leads extracted and save successfully from profile 6900527933 na tabela leads<br>
<br>
<br>
<br>
 ---------->Leads extracted and save successfully from profile 7114430951 na tabela leads<br>
<br>
<br>
<br>
 ---------->Leads extracted and save successfully from profile 5410003145 na tabela leads<br>
<br>
<br>
<br>
 ---------->Leads extracted and save successfully from profile 312689222 na tabela leads<br>
<br>
<br>
<br>
 ---------->Leads extracted and save successfully from profile 5575449567 na tabela leads<br>
<br>
<br>
<br>
 ---------->Leads extracted and save successfully from profile 344622821 na tabela leads<br>
<br>
<br>
<br>
 ---------->Leads extracted and save successfully from profile 198966973 na tabela leads<br>
<br>
<br>
<br>
 ---------->Leads extracted and save successfully from profile 6719580131 na tabela leads<br>
<br>
<br>
<br>
 ---------->Leads extracted and save successfully from profile 878172414 na tabela leads<br>
<br>
<br>
<br>
 ---------->Leads extracted and save successfully from profile 1470298474 na tabela leads<br>
<br>
<br>
<br>
 ---------->Leads extracted and save successfully from profile 28091782 na tabela leads<br>
<br>
<br>
<br>
 ---------->Leads extracted and save successfully from profile 237539262 na tabela leads<br>
<br>
<br>
<br>
 ---------->Leads extracted and save successfully from profile 367095827 na tabela leads<br>
<br>
<br>
<br>
 ---------->Leads extracted and save successfully from profile 7703591672 na tabela leads<br>
<br>
<br>
<br>
 ---------->Leads extracted and save successfully from profile 5417837271 na tabela leads<br>
<br>
<br>
<br>
 ---------->Leads extracted and save successfully from profile 174184402 na tabela leads<br>
<br>
<br>
<br>
 ---------->Leads extracted and save successfully from profile 3847257 na tabela leads<br>
<br>
<br>
<br>
 ---------->Leads extracted and save successfully from profile 229736428 na tabela leads<br>
<br>
<br>
<br>
 ---------->Leads extracted and save successfully from profile 290386033 na tabela leads<br>
<br>
<br>
<br>
 ---------->Leads extracted and save successfully from profile 7384864651 na tabela leads<br>
<br>
<br>
<br>
 ---------->Leads extracted and save successfully from profile 3007557203 na tabela leads<br>
<br>
<br>
<br>
 ---------->Leads extracted and save successfully from profile 409375667 na tabela leads<br>
<br>
<br>
<br>
 ---------->Leads extracted and save successfully from profile 7549182387 na tabela leads<br>
<br>
<br>
<br>
 ---------->Leads extracted and save successfully from profile 2292587816 na tabela leads<br>
<br>
<br>
<br>
 ---------->Leads extracted and save successfully from profile 433418892 na tabela leads<br>
<br>
<br>
<br>
 ---------->Leads extracted and save successfully from profile 370637776 na tabela leads<br>
<br>
<br>
<br>
 ---------->Leads extracted and save successfully from profile 1548204041 na tabela leads<br>
<br>
<br>
<br>
 ---------->Leads extracted and save successfully from profile 2346543140 na tabela leads<br>
<br>
<br>
<br>
 ---------->Leads extracted and save successfully from profile 221177015 na tabela leads<br>
<br>
<br>
<br>
 ---------->Leads extracted and save successfully from profile 1660848283 na tabela leads<br>
<br>
 Client ---> pedropetti  Campaing --> 5  Profile --> santanderbrasil:  proccess correctly<br><br>

<br>
<br>
 ---------->Leads extracted and save successfully from profile 7046479724 na tabela leads<br>
<br>
<br>
<br>
 ---------->Leads extracted and save successfully from profile 6162910884 na tabela leads<br>
<br>
<br>
<br>
 ---------->Leads extracted and save successfully from profile 1904886482 na tabela leads<br>
<br>
<br>
<br>
 ---------->Leads extracted and save successfully from profile 462818352 na tabela leads<br>
<br>
<br>
<br>
 ---------->Leads extracted and save successfully from profile 7384544379 na tabela leads<br>
<br>
<br>
<br>
 ---------->Leads extracted and save successfully from profile 465833707 na tabela leads<br>
<br>
<br>
<br>
 ---------->Leads extracted and save successfully from profile 3171159625 na tabela leads<br>
<br>
<br>
<br>
 ---------->Leads extracted and save successfully from profile 5452348117 na tabela leads<br>
<br>
 Client ---> pedropetti  Campaing --> 9  Profile --> nubankbrasil:  proccess correctly<br><br>

<br>
<br>
 ---------->Leads extracted and save successfully from profile 1602873373 na tabela leads<br>
<br>
<br>
<br>
 ---------->Leads extracted and save successfully from profile 213527256 na tabela leads<br>
<br>
<br>
<br>
 ---------->Leads extracted and save successfully from profile 3591371385 na tabela leads<br>
<br>
<br>
<br>
 ---------->Leads extracted and save successfully from profile 5761843955 na tabela leads<br>
<br>
<br>
<br>
 ---------->Leads extracted and save successfully from profile 2055703017 na tabela leads<br>
<br>
<br>
<br>
 ---------->Leads extracted and save successfully from profile 313529752 na tabela leads<br>
<br>
<br>
<br>
 ---------->Leads extracted and save successfully from profile 8332787 na tabela leads<br>
<br>
<br>
<br>
 ---------->Leads extracted and save successfully from profile 610544565 na tabela leads<br>
<br>
<br>
<br>
 ---------->Leads extracted and save successfully from profile 5384137274 na tabela leads<br>
<br>
<br>
<br>
 ---------->Leads extracted and save successfully from profile 194084253 na tabela leads<br>
<br>
<br>
<br>
 ---------->Leads extracted and save successfully from profile 2894312263 na tabela leads<br>
<br>
<br>
<br>
 ---------->Leads extracted and save successfully from profile 562763004 na tabela leads<br>
<br>
<br>
<br>
 ---------->Leads extracted and save successfully from profile 1385786813 na tabela leads<br>
<br>
<br>
<br>
 ---------->Leads extracted and save successfully from profile 5431511801 na tabela leads<br>
<br>
<br>
<br>
 ---------->Leads extracted and save successfully from profile 1587894615 na tabela leads<br>
<br>
<br>
<br>
 ---------->Leads extracted and save successfully from profile 4944280030 na tabela leads<br>
<br>
<br>
<br>
 ---------->Leads extracted and save successfully from profile 5357008804 na tabela leads<br>
<br>
<br>
<br>
 ---------->Leads extracted and save successfully from profile 1269954155 na tabela leads<br>
<br>
<br>
<br>
 ---------->Leads extracted and save successfully from profile 337990443 na tabela leads<br>
<br>
<br>
<br>
 ---------->Leads extracted and save successfully from profile 2272772560 na tabela leads<br>
<br>
<br>
<br>
 ---------->Leads extracted and save successfully from profile 938253073 na tabela leads<br>
<br>
<br>
<br>
 ---------->Leads extracted and save successfully from profile 4862124179 na tabela leads<br>
<br>
<br>
<br>
 ---------->Leads extracted and save successfully from profile 4297110831 na tabela leads<br>
<br>
<br>
<br>
 ---------->Leads extracted and save successfully from profile 4015566991 na tabela leads<br>
<br>
<br>
<br>
 ---------->Leads extracted and save successfully from profile 3860615061 na tabela leads<br>
<br>
<br>
<br>
 ---------->Leads extracted and save successfully from profile 3148973979 na tabela leads<br>
<br>
<br>
<br>
 ---------->Leads extracted and save successfully from profile 2696367649 na tabela leads<br>
<br>
<br>
<br>
 ---------->Leads extracted and save successfully from profile 4618381134 na tabela leads<br>
<br>
<br>
<br>
 ---------->Leads extracted and save successfully from profile 1530433337 na tabela leads<br>
<br>
 Client ---> pedropetti  Campaing --> 8  Profile --> bradescoprime:  proccess correctly<br><br>

<br />
<b>Notice</b>:  Undefined variable: login_data in <b>/opt/lampp/htdocs/leads/worker/class/Robot.php</b> on line <b>397</b><br />
<br />
<b>Notice</b>:  Undefined variable: login_data in <b>/opt/lampp/htdocs/leads/worker/class/Robot.php</b> on line <b>397</b><br />
<br />
<b>Notice</b>:  Undefined variable: login_data in <b>/opt/lampp/htdocs/leads/worker/class/Robot.php</b> on line <b>397</b><br />
<br />
<b>Notice</b>:  Undefined variable: login_data in <b>/opt/lampp/htdocs/leads/worker/class/Robot.php</b> on line <b>397</b><br />
<br />
<b>Notice</b>:  Undefined variable: login_data in <b>/opt/lampp/htdocs/leads/worker/class/Robot.php</b> on line <b>397</b><br />
<br />
<b>Notice</b>:  Undefined variable: login_data in <b>/opt/lampp/htdocs/leads/worker/class/Robot.php</b> on line <b>397</b><br />
<br>
<br>
 ---------->Leads extracted and save successfully from profile 11888709 na tabela leads<br>
<br>
<br>
<br>
 ---------->Leads extracted and save successfully from profile 206487568 na tabela leads<br>
<br>
<br>
<br>
 ---------->Leads extracted and save successfully from profile 4309300242 na tabela leads<br>
<br>
 Client ---> pedropetti  Campaing --> 6  Profile --> santanderbrasil:  proccess correctly<br><br>

<br>
 Hashtag 11 Set end_cursor to NULL!!!!!!!! Deleted daily work!!!!!!!!!!!!<br />
<b>Fatal error</b>:  Uncaught Error: Class 'leads\cls\profile_status' not found in /opt/lampp/htdocs/leads/worker/class/Robot.php:182
Stack trace:
#0 /opt/lampp/htdocs/leads/worker/class/Worker.php(101): leads\cls\Robot-&gt;do_robot_extract_leads(Object(InstagramAPI\Instagram), Object(stdClass), 'false')
#1 /opt/lampp/htdocs/leads/worker/scripts/all/index-do.php(19): leads\cls\Worker-&gt;do_work()
#2 {main}
  thrown in <b>/opt/lampp/htdocs/leads/worker/class/Robot.php</b> on line <b>182</b><br />
