Worker Principal Leads Inited...!<br>
2018-05-16 01:14:31am<br> 
 <br> 
 ------------------------------------------------------------------------ <br> 
 <br> 
Cliente: josergm86 <br> 
 <br> 
 Campanha id: 1 <br> 
Prefil a trabalhar: adidas <br> 
 <br> 
 Campanha id: 2 <br> 
Prefil a trabalhar: icarai <br> 
Prefil a trabalhar: niteroi-rio-de-janeiro-brazil <br> 
 <br> 
 Campanha id: 3 <br> 
Prefil a trabalhar: amores <br> 
Prefil a trabalhar: vidaloca <br> 
Prefil a trabalhar: santanderselect <br> 
Prefil a trabalhar: santanderdequilichao <br> 
<br> 
 <br> 
 ------------------------------------------------------------------------ <br> 
 <br> 
Cliente: pedropetti <br> 
 <br> 
 Campanha id: 4 <br> 
Prefil a trabalhar: santanderselect <br> 
Prefil a trabalhar: santandervangogh <br> 
 <br> 
 Campanha id: 5 <br> 
Prefil a trabalhar: itaupersonnalite <br> 
 <br> 
 Campanha id: 6 <br> 
Prefil a trabalhar: bradescoprime <br> 
Prefil a trabalhar: bradesco <br> 
 <br> 
 Campanha id: 7 <br> 
Prefil a trabalhar: trigg_br <br> 
Prefil a trabalhar: meudigio <br> 
 <br> 
 Campanha id: 8 <br> 
Prefil a trabalhar: nubankbrasil <br> 
 <br> 
 Campanha id: 9 <br> 
Prefil a trabalhar: oramainvestimentos <br> 
Prefil a trabalhar: warrenbrasil <br> 
Prefil a trabalhar: btgpactualdigital <br> 
 <br> 
 Campanha id: 10 <br> 
Prefil a trabalhar: bancointer <br> 
Prefil a trabalhar: bancooriginal <br> 
Prefil a trabalhar: bancodaycoval <br> 
<br> 
 <br> 
 ------------------------------------------------------------------------ <br> 
 <br> 
Cliente: luisavelludo <br> 
 <br> 
 Campanha id: 12 <br> 
Prefil a trabalhar: mainmise <br> 
Prefil a trabalhar: casagarimporio <br> 
Prefil a trabalhar: obraipanema <br> 
Prefil a trabalhar: augustaloja <br> 
Prefil a trabalhar: casavoa <br> 
Prefil a trabalhar: voajoias <br> 
 <br> 
 Campanha id: 13 <br> 
Prefil a trabalhar: ivominoni <br> 
Prefil a trabalhar: tissaberwanger <br> 
Prefil a trabalhar: liviacanuto <br> 
Prefil a trabalhar: hybrida_loja <br> 
Prefil a trabalhar: manuelahenriques.jewelry <br> 
Prefil a trabalhar: nuushoes_ <br> 

<br>2018-05-16 01:14:40am

