Worker-Robot Leads Inited...!<br>
2018-05-21 02:18:35amRobot1 initialized with robot_profile ricarba18<br>
<br>
<br />
<b>Notice</b>:  Undefined variable: login_data in <b>/opt/lampp/htdocs/leads/worker/class/Robot.php</b> on line <b>397</b><br />
<br />
<b>Notice</b>:  Undefined variable: login_data in <b>/opt/lampp/htdocs/leads/worker/class/Robot.php</b> on line <b>397</b><br />
<br />
<b>Notice</b>:  Undefined variable: login_data in <b>/opt/lampp/htdocs/leads/worker/class/Robot.php</b> on line <b>397</b><br />
<br />
<b>Notice</b>:  Undefined variable: login_data in <b>/opt/lampp/htdocs/leads/worker/class/Robot.php</b> on line <b>397</b><br />
<br />
<b>Notice</b>:  Undefined variable: login_data in <b>/opt/lampp/htdocs/leads/worker/class/Robot.php</b> on line <b>397</b><br />
<br>
<br>
 ---------->Leads extracted and save successfully from profile 617547931 na tabela leads<br>
<br>
<br>
<br>
 ---------->Leads extracted and save successfully from profile 253192787 na tabela leads<br>
<br>
<br>
<br>
 ---------->Leads extracted and save successfully from profile 617547931 na tabela leads<br>
<br>
 Client ---> m0r3n0  Campaing --> 3  Profile --> festa:  proccess correctly<br><br>

<br />
<b>Notice</b>:  Undefined variable: login_data in <b>/opt/lampp/htdocs/leads/worker/class/Robot.php</b> on line <b>397</b><br />
<br />
<b>Notice</b>:  Undefined variable: login_data in <b>/opt/lampp/htdocs/leads/worker/class/Robot.php</b> on line <b>397</b><br />
<br />
<b>Notice</b>:  Undefined variable: login_data in <b>/opt/lampp/htdocs/leads/worker/class/Robot.php</b> on line <b>397</b><br />
<br />
<b>Notice</b>:  Undefined variable: login_data in <b>/opt/lampp/htdocs/leads/worker/class/Robot.php</b> on line <b>397</b><br />
<br />
<b>Notice</b>:  Undefined variable: login_data in <b>/opt/lampp/htdocs/leads/worker/class/Robot.php</b> on line <b>397</b><br />
<br />
<b>Notice</b>:  Undefined variable: login_data in <b>/opt/lampp/htdocs/leads/worker/class/Robot.php</b> on line <b>397</b><br />
<br>
<br>
 ---------->Leads extracted and save successfully from profile 5636114382 na tabela leads<br>
<br>
 Client ---> m0r3n0  Campaing --> 3  Profile --> cerveija:  proccess correctly<br><br>

<br>
<br>
 ---------->Leads extracted and save successfully from profile 4468937480 na tabela leads<br>
<br>
<br>
<br>
 ---------->Leads extracted and save successfully from profile 1312190924 na tabela leads<br>
<br>
<br>
<br>
 ---------->Leads extracted and save successfully from profile 7678018713 na tabela leads<br>
<br>
<br>
<br>
 ---------->Leads extracted and save successfully from profile 7787552656 na tabela leads<br>
<br>
 Client ---> josergm86  Campaing --> 4  Profile --> neymarjrlover2:  proccess correctly<br><br>

<br />
<b>Notice</b>:  Undefined variable: login_data in <b>/opt/lampp/htdocs/leads/worker/class/Robot.php</b> on line <b>397</b><br />
<br />
<b>Notice</b>:  Undefined variable: login_data in <b>/opt/lampp/htdocs/leads/worker/class/Robot.php</b> on line <b>397</b><br />
<br />
<b>Notice</b>:  Undefined variable: login_data in <b>/opt/lampp/htdocs/leads/worker/class/Robot.php</b> on line <b>397</b><br />
<br />
<b>Notice</b>:  Undefined variable: login_data in <b>/opt/lampp/htdocs/leads/worker/class/Robot.php</b> on line <b>397</b><br />
<br>
<br>
 ---------->Leads extracted and save successfully from profile 3132910663 na tabela leads<br>
<br>
<br>
<br>
 ---------->Leads extracted and save successfully from profile 5636114382 na tabela leads<br>
<br>
<br>
<br>
 ---------->Leads extracted and save successfully from profile 2013857618 na tabela leads<br>
<br>
 Client ---> m0r3n0  Campaing --> 3  Profile --> cerveija:  proccess correctly<br><br>

<br>
<br>
 ---------->Leads extracted and save successfully from profile 3682134727 na tabela leads<br>
<br>
<br>
<br>
 ---------->Leads extracted and save successfully from profile 7754100539 na tabela leads<br>
<br>
<br>
<br>
 ---------->Leads extracted and save successfully from profile 5695303165 na tabela leads<br>
<br>
<br>
<br>
 ---------->Leads extracted and save successfully from profile 6918877307 na tabela leads<br>
<br>
<br>
<br>
 ---------->Leads extracted and save successfully from profile 4792462049 na tabela leads<br>
<br>
<br>
<br>
 ---------->Leads extracted and save successfully from profile 6924932734 na tabela leads<br>
<br>
<br>
<br>
 ---------->Leads extracted and save successfully from profile 4031328738 na tabela leads<br>
<br>
 Client ---> josergm86  Campaing --> 4  Profile --> neymarjrlover2:  proccess correctly<br><br>

<br />
<b>Notice</b>:  Undefined variable: login_data in <b>/opt/lampp/htdocs/leads/worker/class/Robot.php</b> on line <b>397</b><br />
<br />
<b>Notice</b>:  Undefined variable: login_data in <b>/opt/lampp/htdocs/leads/worker/class/Robot.php</b> on line <b>397</b><br />
<br />
<b>Notice</b>:  Undefined variable: login_data in <b>/opt/lampp/htdocs/leads/worker/class/Robot.php</b> on line <b>397</b><br />
<br />
<b>Notice</b>:  Undefined variable: login_data in <b>/opt/lampp/htdocs/leads/worker/class/Robot.php</b> on line <b>397</b><br />
<br />
<b>Notice</b>:  Undefined variable: login_data in <b>/opt/lampp/htdocs/leads/worker/class/Robot.php</b> on line <b>397</b><br />
<br>
<br>
 ---------->Leads extracted and save successfully from profile 578224020 na tabela leads<br>
<br>
<br>
<br>
 ---------->Leads extracted and save successfully from profile 1454606021 na tabela leads<br>
<br>
<br>
<br>
 ---------->Leads extracted and save successfully from profile 177141729 na tabela leads<br>
<br>
<br>
<br>
 ---------->Leads extracted and save successfully from profile 1836373520 na tabela leads<br>
<br>
 Client ---> m0r3n0  Campaing --> 3  Profile --> festa:  proccess correctly<br><br>

<br>
<br>
 ---------->Leads extracted and save successfully from profile 7722985158 na tabela leads<br>
<br>
<br>
<br>
 ---------->Leads extracted and save successfully from profile 723332392 na tabela leads<br>
<br>
<br>
<br>
 ---------->Leads extracted and save successfully from profile 264254792 na tabela leads<br>
<br>
<br>
<br>
 ---------->Leads extracted and save successfully from profile 6416258732 na tabela leads<br>
<br>
<br>
<br>
 ---------->Leads extracted and save successfully from profile 1288913410 na tabela leads<br>
<br>
<br>
<br>
 ---------->Leads extracted and save successfully from profile 3545943959 na tabela leads<br>
<br>
<br>
<br>
 ---------->Leads extracted and save successfully from profile 3482698845 na tabela leads<br>
<br>
<br>
<br>
 ---------->Leads extracted and save successfully from profile 7246002643 na tabela leads<br>
<br>
<br>
<br>
 ---------->Leads extracted and save successfully from profile 3031710442 na tabela leads<br>
<br>
<br>
<br>
 ---------->Leads extracted and save successfully from profile 6338641709 na tabela leads<br>
<br>
<br>
<br>
 ---------->Leads extracted and save successfully from profile 343244385 na tabela leads<br>
<br>
<br>
<br>
 ---------->Leads extracted and save successfully from profile 3462974156 na tabela leads<br>
<br>
<br>
<br>
 ---------->Leads extracted and save successfully from profile 369113718 na tabela leads<br>
<br>
<br>
<br>
 ---------->Leads extracted and save successfully from profile 3046984210 na tabela leads<br>
<br>
<br>
<br>
 ---------->Leads extracted and save successfully from profile 4107763664 na tabela leads<br>
<br>
<br>
<br>
 ---------->Leads extracted and save successfully from profile 315471349 na tabela leads<br>
<br>
<br>
<br>
 ---------->Leads extracted and save successfully from profile 5935392518 na tabela leads<br>
<br>
<br>
<br>
 ---------->Leads extracted and save successfully from profile 6322644962 na tabela leads<br>
<br>
<br>
<br>
 ---------->Leads extracted and save successfully from profile 55317046 na tabela leads<br>
<br>
<br>
<br>
 ---------->Leads extracted and save successfully from profile 7372943229 na tabela leads<br>
<br>
<br>
<br>
 ---------->Leads extracted and save successfully from profile 5898045156 na tabela leads<br>
<br>
<br>
<br>
 ---------->Leads extracted and save successfully from profile 309545258 na tabela leads<br>
<br>
 Client ---> josergm86  Campaing --> 4  Profile --> ronaldo:  proccess correctly<br><br>

<br />
<b>Notice</b>:  Undefined variable: login_data in <b>/opt/lampp/htdocs/leads/worker/class/Robot.php</b> on line <b>397</b><br />
<br />
<b>Notice</b>:  Undefined variable: login_data in <b>/opt/lampp/htdocs/leads/worker/class/Robot.php</b> on line <b>397</b><br />
<br />
<b>Notice</b>:  Undefined variable: login_data in <b>/opt/lampp/htdocs/leads/worker/class/Robot.php</b> on line <b>397</b><br />
<br />
<b>Notice</b>:  Undefined variable: login_data in <b>/opt/lampp/htdocs/leads/worker/class/Robot.php</b> on line <b>397</b><br />
<br />
<b>Notice</b>:  Undefined variable: login_data in <b>/opt/lampp/htdocs/leads/worker/class/Robot.php</b> on line <b>397</b><br />
<br>
<br>
 ---------->Leads extracted and save successfully from profile 2013857618 na tabela leads<br>
<br>
 Client ---> m0r3n0  Campaing --> 3  Profile --> cerveija:  proccess correctly<br><br>

<br>
<br>
 ---------->Leads extracted and save successfully from profile 2035234094 na tabela leads<br>
<br>
<br>
<br>
 ---------->Leads extracted and save successfully from profile 5512526279 na tabela leads<br>
<br>
<br>
<br>
 ---------->Leads extracted and save successfully from profile 7761067614 na tabela leads<br>
<br>
<br>
<br>
 ---------->Leads extracted and save successfully from profile 5561569100 na tabela leads<br>
<br>
<br>
<br>
 ---------->Leads extracted and save successfully from profile 7717541603 na tabela leads<br>
<br>
<br>
<br>
 ---------->Leads extracted and save successfully from profile 5750069374 na tabela leads<br>
<br>
<br>
<br>
 ---------->Leads extracted and save successfully from profile 4868249288 na tabela leads<br>
<br>
<br>
<br>
 ---------->Leads extracted and save successfully from profile 5582497456 na tabela leads<br>
<br>
<br>
<br>
 ---------->Leads extracted and save successfully from profile 4198435161 na tabela leads<br>
<br>
 Client ---> josergm86  Campaing --> 4  Profile --> neymarjrlover2:  proccess correctly<br><br>

<br />
<b>Notice</b>:  Undefined variable: login_data in <b>/opt/lampp/htdocs/leads/worker/class/Robot.php</b> on line <b>397</b><br />
<br />
<b>Notice</b>:  Undefined variable: login_data in <b>/opt/lampp/htdocs/leads/worker/class/Robot.php</b> on line <b>397</b><br />
<br />
<b>Notice</b>:  Undefined variable: login_data in <b>/opt/lampp/htdocs/leads/worker/class/Robot.php</b> on line <b>397</b><br />
<br />
<b>Notice</b>:  Undefined variable: login_data in <b>/opt/lampp/htdocs/leads/worker/class/Robot.php</b> on line <b>397</b><br />
<br>
<br>
 ---------->Leads extracted and save successfully from profile 1693567329 na tabela leads<br>
<br>
<br>
<br>
 ---------->Leads extracted and save successfully from profile 3250494569 na tabela leads<br>
<br>
 Client ---> m0r3n0  Campaing --> 3  Profile --> festa:  proccess correctly<br><br>

<br>
<br>
 ---------->Leads extracted and save successfully from profile 3595292341 na tabela leads<br>
<br>
<br>
<br>
 ---------->Leads extracted and save successfully from profile 7367038363 na tabela leads<br>
<br>
<br>
<br>
 ---------->Leads extracted and save successfully from profile 604985883 na tabela leads<br>
<br>
<br>
<br>
 ---------->Leads extracted and save successfully from profile 6798688183 na tabela leads<br>
<br>
<br>
<br>
 ---------->Leads extracted and save successfully from profile 6670861242 na tabela leads<br>
<br>
<br>
<br>
 ---------->Leads extracted and save successfully from profile 2021262774 na tabela leads<br>
<br>
<br>
<br>
 ---------->Leads extracted and save successfully from profile 2217011208 na tabela leads<br>
<br>
<br>
<br>
 ---------->Leads extracted and save successfully from profile 7106408942 na tabela leads<br>
<br>
<br>
<br>
 ---------->Leads extracted and save successfully from profile 1823328694 na tabela leads<br>
<br>
<br>
<br>
 ---------->Leads extracted and save successfully from profile 238604081 na tabela leads<br>
<br>
 Client ---> josergm86  Campaing --> 4  Profile --> ronaldo:  proccess correctly<br><br>

<br>
<br>
 ---------->Leads extracted and save successfully from profile 5333767941 na tabela leads<br>
<br>
<br>
<br>
 ---------->Leads extracted and save successfully from profile 2268729718 na tabela leads<br>
<br>
<br>
<br>
 ---------->Leads extracted and save successfully from profile 7800875410 na tabela leads<br>
<br>
<br>
<br>
 ---------->Leads extracted and save successfully from profile 6096426703 na tabela leads<br>
<br>
<br>
<br>
 ---------->Leads extracted and save successfully from profile 3879529019 na tabela leads<br>
<br>
<br>
<br>
 ---------->Leads extracted and save successfully from profile 6935046658 na tabela leads<br>
<br>
<br>
<br>
 ---------->Leads extracted and save successfully from profile 4172512101 na tabela leads<br>
<br>
<br>
<br>
 ---------->Leads extracted and save successfully from profile 3230311077 na tabela leads<br>
<br>
<br>
<br>
 ---------->Leads extracted and save successfully from profile 5323796418 na tabela leads<br>
<br>
 Client ---> josergm86  Campaing --> 4  Profile --> ronaldo: InstagramAPI\Response\UserInfoResponse: User not found.<br><br>

<br>
<br>
 ---------->Leads extracted and save successfully from profile 1019148408 na tabela leads<br>
<br>
<br>
<br>
 ---------->Leads extracted and save successfully from profile 2035712692 na tabela leads<br>
<br>
<br>
<br>
 ---------->Leads extracted and save successfully from profile 7635143300 na tabela leads<br>
<br>
 Client ---> josergm86  Campaing --> 4  Profile --> neymarjrlover2:  proccess correctly<br><br>

<br>
<br>
 ---------->Leads extracted and save successfully from profile 5333767941 na tabela leads<br>
<br>
<br>
<br>
 ---------->Leads extracted and save successfully from profile 2268729718 na tabela leads<br>
<br>
<br>
<br>
 ---------->Leads extracted and save successfully from profile 7800875410 na tabela leads<br>
<br>
<br>
<br>
 ---------->Leads extracted and save successfully from profile 6096426703 na tabela leads<br>
<br>
<br>
<br>
 ---------->Leads extracted and save successfully from profile 3879529019 na tabela leads<br>
<br>
<br>
<br>
 ---------->Leads extracted and save successfully from profile 6935046658 na tabela leads<br>
<br>
<br>
<br>
 ---------->Leads extracted and save successfully from profile 4172512101 na tabela leads<br>
<br>
<br>
<br>
 ---------->Leads extracted and save successfully from profile 3230311077 na tabela leads<br>
<br>
<br>
<br>
 ---------->Leads extracted and save successfully from profile 5323796418 na tabela leads<br>
<br>
<br>
<br>
 ---------->Leads extracted and save successfully from profile 4142800504 na tabela leads<br>
<br>
<br>
<br>
 ---------->Leads extracted and save successfully from profile 1500407569 na tabela leads<br>
<br>
<br>
<br>
 ---------->Leads extracted and save successfully from profile 6351359325 na tabela leads<br>
<br>
 Client ---> josergm86  Campaing --> 4  Profile --> ronaldo:  proccess correctly<br><br>

<br>
<br>
 ---------->Leads extracted and save successfully from profile 1589375695 na tabela leads<br>
<br>
<br>
<br>
 ---------->Leads extracted and save successfully from profile 5964817217 na tabela leads<br>
<br>
<br>
<br>
 ---------->Leads extracted and save successfully from profile 1331176507 na tabela leads<br>
<br>
<br>
<br>
 ---------->Leads extracted and save successfully from profile 1990756867 na tabela leads<br>
<br>
<br>
<br>
 ---------->Leads extracted and save successfully from profile 1536954813 na tabela leads<br>
<br>
<br>
<br>
 ---------->Leads extracted and save successfully from profile 5985636454 na tabela leads<br>
<br>
<br>
<br>
 ---------->Leads extracted and save successfully from profile 26766286 na tabela leads<br>
<br>
<br>
<br>
 ---------->Leads extracted and save successfully from profile 462818352 na tabela leads<br>
<br>
<br>
<br>
 ---------->Leads extracted and save successfully from profile 875047725 na tabela leads<br>
<br>
<br>
<br>
 ---------->Leads extracted and save successfully from profile 2073509209 na tabela leads<br>
<br>
<br>
<br>
 ---------->Leads extracted and save successfully from profile 5348756933 na tabela leads<br>
<br>
<br>
<br>
 ---------->Leads extracted and save successfully from profile 996564410 na tabela leads<br>
<br>
<br>
<br>
 ---------->Leads extracted and save successfully from profile 315276383 na tabela leads<br>
<br>
<br>
<br>
 ---------->Leads extracted and save successfully from profile 2180208103 na tabela leads<br>
<br>
<br>
<br>
 ---------->Leads extracted and save successfully from profile 586702 na tabela leads<br>
<br>
<br>
<br>
 ---------->Leads extracted and save successfully from profile 1468301811 na tabela leads<br>
<br>
<br>
<br>
 ---------->Leads extracted and save successfully from profile 667914774 na tabela leads<br>
<br>
<br>
<br>
 ---------->Leads extracted and save successfully from profile 7700147839 na tabela leads<br>
<br>
<br>
<br>
 ---------->Leads extracted and save successfully from profile 3666702268 na tabela leads<br>
<br>
<br>
<br>
 ---------->Leads extracted and save successfully from profile 1574050118 na tabela leads<br>
<br>
<br>
<br>
 ---------->Leads extracted and save successfully from profile 299531710 na tabela leads<br>
<br>
<br>
<br>
 ---------->Leads extracted and save successfully from profile 1699336269 na tabela leads<br>
<br>
<br>
<br>
 ---------->Leads extracted and save successfully from profile 7499601315 na tabela leads<br>
<br>
<br>
<br>
 ---------->Leads extracted and save successfully from profile 1686624595 na tabela leads<br>
<br>
<br>
<br>
 ---------->Leads extracted and save successfully from profile 7589171962 na tabela leads<br>
<br>
<br>
<br>
 ---------->Leads extracted and save successfully from profile 2182053891 na tabela leads<br>
<br>
<br>
<br>
 ---------->Leads extracted and save successfully from profile 317859171 na tabela leads<br>
<br>
<br>
<br>
 ---------->Leads extracted and save successfully from profile 724271754 na tabela leads<br>
<br>
<br>
<br>
 ---------->Leads extracted and save successfully from profile 737692102 na tabela leads<br>
<br>
<br>
<br>
 ---------->Leads extracted and save successfully from profile 607470930 na tabela leads<br>
<br>
<br>
<br>
 ---------->Leads extracted and save successfully from profile 1591884572 na tabela leads<br>
<br>
<br>
<br>
 ---------->Leads extracted and save successfully from profile 2951703230 na tabela leads<br>
<br>
<br>
<br>
 ---------->Leads extracted and save successfully from profile 395839886 na tabela leads<br>
<br>
<br>
<br>
 ---------->Leads extracted and save successfully from profile 2375089941 na tabela leads<br>
<br>
<br>
<br>
 ---------->Leads extracted and save successfully from profile 34134155 na tabela leads<br>
<br>
<br>
<br>
 ---------->Leads extracted and save successfully from profile 7208267207 na tabela leads<br>
<br>
<br>
<br>
 ---------->Leads extracted and save successfully from profile 1720151334 na tabela leads<br>
<br>
<br>
<br>
 ---------->Leads extracted and save successfully from profile 269826703 na tabela leads<br>
<br>
<br>
<br>
 ---------->Leads extracted and save successfully from profile 7726791143 na tabela leads<br>
<br>
 Client ---> pedropetti  Campaing --> 11  Profile --> bancooriginal:  proccess correctly<br><br>

<br>
<br>
 ---------->Leads extracted and save successfully from profile 1522481179 na tabela leads<br>
<br>
<br>
<br>
 ---------->Leads extracted and save successfully from profile 4651152370 na tabela leads<br>
<br>
<br>
<br>
 ---------->Leads extracted and save successfully from profile 9905237 na tabela leads<br>
<br>
<br>
<br>
 ---------->Leads extracted and save successfully from profile 5874526034 na tabela leads<br>
<br>
<br>
<br>
 ---------->Leads extracted and save successfully from profile 1626936954 na tabela leads<br>
<br>
<br>
<br>
 ---------->Leads extracted and save successfully from profile 1109839173 na tabela leads<br>
<br>
<br>
<br>
 ---------->Leads extracted and save successfully from profile 31163174 na tabela leads<br>
<br>
<br>
<br>
 ---------->Leads extracted and save successfully from profile 2880197765 na tabela leads<br>
<br>
<br>
<br>
 ---------->Leads extracted and save successfully from profile 1066423320 na tabela leads<br>
<br>
<br>
<br>
 ---------->Leads extracted and save successfully from profile 7691817250 na tabela leads<br>
<br>
<br>
<br>
 ---------->Leads extracted and save successfully from profile 1177057448 na tabela leads<br>
<br>
<br>
<br>
 ---------->Leads extracted and save successfully from profile 1277433467 na tabela leads<br>
<br>
<br>
<br>
 ---------->Leads extracted and save successfully from profile 190359527 na tabela leads<br>
<br>
<br>
<br>
 ---------->Leads extracted and save successfully from profile 705796912 na tabela leads<br>
<br>
<br>
<br>
 ---------->Leads extracted and save successfully from profile 6952770495 na tabela leads<br>
<br>
<br>
<br>
 ---------->Leads extracted and save successfully from profile 7307229005 na tabela leads<br>
<br>
<br>
<br>
 ---------->Leads extracted and save successfully from profile 5422568438 na tabela leads<br>
<br>
<br>
<br>
 ---------->Leads extracted and save successfully from profile 216790283 na tabela leads<br>
<br>
<br>
<br>
 ---------->Leads extracted and save successfully from profile 3053656526 na tabela leads<br>
<br>
<br>
<br>
 ---------->Leads extracted and save successfully from profile 243890239 na tabela leads<br>
<br>
<br>
<br>
 ---------->Leads extracted and save successfully from profile 7748016677 na tabela leads<br>
<br>
<br>
<br>
 ---------->Leads extracted and save successfully from profile 7741037409 na tabela leads<br>
<br>
<br>
<br>
 ---------->Leads extracted and save successfully from profile 470082823 na tabela leads<br>
<br>
<br>
<br>
 ---------->Leads extracted and save successfully from profile 7740294822 na tabela leads<br>
<br>
<br>
<br>
 ---------->Leads extracted and save successfully from profile 18675391 na tabela leads<br>
<br>
<br>
<br>
 ---------->Leads extracted and save successfully from profile 30905046 na tabela leads<br>
<br>
<br>
<br>
 ---------->Leads extracted and save successfully from profile 4286955528 na tabela leads<br>
<br>
<br>
<br>
 ---------->Leads extracted and save successfully from profile 7198088167 na tabela leads<br>
<br>
<br>
<br>
 ---------->Leads extracted and save successfully from profile 244679337 na tabela leads<br>
<br>
<br>
<br>
 ---------->Leads extracted and save successfully from profile 24904964 na tabela leads<br>
<br>
<br>
<br>
 ---------->Leads extracted and save successfully from profile 1136509372 na tabela leads<br>
<br>
<br>
<br>
 ---------->Leads extracted and save successfully from profile 430107351 na tabela leads<br>
<br>
<br>
<br>
 ---------->Leads extracted and save successfully from profile 3623673791 na tabela leads<br>
<br>
 Client ---> pedropetti  Campaing --> 10  Profile --> warrenbrasil:  proccess correctly<br><br>

<br>
<br>
 ---------->Leads extracted and save successfully from profile 1527178609 na tabela leads<br>
<br>
<br>
<br>
 ---------->Leads extracted and save successfully from profile 5996993659 na tabela leads<br>
<br>
<br>
<br>
 ---------->Leads extracted and save successfully from profile 3122067643 na tabela leads<br>
<br>
<br>
<br>
 ---------->Leads extracted and save successfully from profile 145886589 na tabela leads<br>
<br>
<br>
<br>
 ---------->Leads extracted and save successfully from profile 18993606 na tabela leads<br>
<br>
<br>
<br>
 ---------->Leads extracted and save successfully from profile 206451723 na tabela leads<br>
<br>
<br>
<br>
 ---------->Leads extracted and save successfully from profile 1435395082 na tabela leads<br>
<br>
<br>
<br>
 ---------->Leads extracted and save successfully from profile 4113264594 na tabela leads<br>
<br>
<br>
<br>
 ---------->Leads extracted and save successfully from profile 1422211841 na tabela leads<br>
<br>
<br>
<br>
 ---------->Leads extracted and save successfully from profile 775500483 na tabela leads<br>
<br>
<br>
<br>
 ---------->Leads extracted and save successfully from profile 389785742 na tabela leads<br>
<br>
<br>
<br>
 ---------->Leads extracted and save successfully from profile 6108356374 na tabela leads<br>
<br>
<br>
<br>
 ---------->Leads extracted and save successfully from profile 197437464 na tabela leads<br>
<br>
<br>
<br>
 ---------->Leads extracted and save successfully from profile 762921 na tabela leads<br>
<br>
<br>
<br>
 ---------->Leads extracted and save successfully from profile 1384056825 na tabela leads<br>
<br>
<br>
<br>
 ---------->Leads extracted and save successfully from profile 228726136 na tabela leads<br>
<br>
<br>
<br>
 ---------->Leads extracted and save successfully from profile 1927052576 na tabela leads<br>
<br>
<br>
<br>
 ---------->Leads extracted and save successfully from profile 7226875421 na tabela leads<br>
<br>
<br>
<br>
 ---------->Leads extracted and save successfully from profile 4421274703 na tabela leads<br>
<br>
<br>
<br>
 ---------->Leads extracted and save successfully from profile 198506610 na tabela leads<br>
<br>
<br>
<br>
 ---------->Leads extracted and save successfully from profile 6423938857 na tabela leads<br>
<br>
<br>
<br>
 ---------->Leads extracted and save successfully from profile 2924112 na tabela leads<br>
<br>
<br>
<br>
 ---------->Leads extracted and save successfully from profile 41730053 na tabela leads<br>
<br>
<br>
<br>
 ---------->Leads extracted and save successfully from profile 4608445441 na tabela leads<br>
<br>
<br>
<br>
 ---------->Leads extracted and save successfully from profile 44032032 na tabela leads<br>
<br>
 Client ---> pedropetti  Campaing --> 10  Profile --> equipeverios:  proccess correctly<br><br>

<br>
<br>
 ---------->Leads extracted and save successfully from profile 1589375695 na tabela leads<br>
<br>
<br>
<br>
 ---------->Leads extracted and save successfully from profile 2178153058 na tabela leads<br>
<br>
<br>
<br>
 ---------->Leads extracted and save successfully from profile 5964817217 na tabela leads<br>
<br>
<br>
<br>
 ---------->Leads extracted and save successfully from profile 7058883848 na tabela leads<br>
<br>
<br>
<br>
 ---------->Leads extracted and save successfully from profile 1544436897 na tabela leads<br>
<br>
<br>
<br>
 ---------->Leads extracted and save successfully from profile 5985636454 na tabela leads<br>
<br>
<br>
<br>
 ---------->Leads extracted and save successfully from profile 4565489371 na tabela leads<br>
<br>
<br>
<br>
 ---------->Leads extracted and save successfully from profile 46684604 na tabela leads<br>
<br>
<br>
<br>
 ---------->Leads extracted and save successfully from profile 1796096957 na tabela leads<br>
<br>
<br>
<br>
 ---------->Leads extracted and save successfully from profile 465833707 na tabela leads<br>
<br>
<br>
<br>
 ---------->Leads extracted and save successfully from profile 1493918369 na tabela leads<br>
<br>
<br>
<br>
 ---------->Leads extracted and save successfully from profile 445925859 na tabela leads<br>
<br>
<br>
<br>
 ---------->Leads extracted and save successfully from profile 4235236945 na tabela leads<br>
<br>
<br>
<br>
 ---------->Leads extracted and save successfully from profile 730214425 na tabela leads<br>
<br>
<br>
<br>
 ---------->Leads extracted and save successfully from profile 221985139 na tabela leads<br>
<br>
<br>
<br>
 ---------->Leads extracted and save successfully from profile 700251807 na tabela leads<br>
<br>
<br>
<br>
 ---------->Leads extracted and save successfully from profile 1456615629 na tabela leads<br>
<br>
<br>
<br>
 ---------->Leads extracted and save successfully from profile 586702 na tabela leads<br>
<br>
<br>
<br>
 ---------->Leads extracted and save successfully from profile 1468301811 na tabela leads<br>
<br>
 Client ---> pedropetti  Campaing --> 9  Profile --> meudigio:  proccess correctly<br><br>

<br>
<br>
 ---------->Leads extracted and save successfully from profile 6081815408 na tabela leads<br>
<br>
<br>
<br>
 ---------->Leads extracted and save successfully from profile 7798474246 na tabela leads<br>
<br>
<br>
<br>
 ---------->Leads extracted and save successfully from profile 7094757396 na tabela leads<br>
<br>
<br>
<br>
 ---------->Leads extracted and save successfully from profile 6052031025 na tabela leads<br>
<br>
<br>
<br>
 ---------->Leads extracted and save successfully from profile 6825460121 na tabela leads<br>
<br>
<br>
<br>
 ---------->Leads extracted and save successfully from profile 6841776 na tabela leads<br>
<br>
<br>
<br>
 ---------->Leads extracted and save successfully from profile 411898016 na tabela leads<br>
<br>
<br>
<br>
 ---------->Leads extracted and save successfully from profile 1701525830 na tabela leads<br>
<br>
<br>
<br>
 ---------->Leads extracted and save successfully from profile 7703591672 na tabela leads<br>
<br>
<br>
<br>
 ---------->Leads extracted and save successfully from profile 7208267207 na tabela leads<br>
<br>
<br>
<br>
 ---------->Leads extracted and save successfully from profile 324285617 na tabela leads<br>
<br>
<br>
<br>
 ---------->Leads extracted and save successfully from profile 2065966227 na tabela leads<br>
<br>
<br>
<br>
 ---------->Leads extracted and save successfully from profile 3479320 na tabela leads<br>
<br>
<br>
<br>
 ---------->Leads extracted and save successfully from profile 214845780 na tabela leads<br>
<br>
<br>
<br>
 ---------->Leads extracted and save successfully from profile 347737597 na tabela leads<br>
<br>
<br>
<br>
 ---------->Leads extracted and save successfully from profile 7114430951 na tabela leads<br>
<br>
<br>
<br>
 ---------->Leads extracted and save successfully from profile 6445057546 na tabela leads<br>
<br>
<br>
<br>
 ---------->Leads extracted and save successfully from profile 1299631934 na tabela leads<br>
<br>
<br>
<br>
 ---------->Leads extracted and save successfully from profile 201289770 na tabela leads<br>
<br>
<br>
<br>
 ---------->Leads extracted and save successfully from profile 3518594813 na tabela leads<br>
<br>
<br>
<br>
 ---------->Leads extracted and save successfully from profile 2272983870 na tabela leads<br>
<br>
<br>
<br>
 ---------->Leads extracted and save successfully from profile 7151549483 na tabela leads<br>
<br>
<br>
<br>
 ---------->Leads extracted and save successfully from profile 646049593 na tabela leads<br>
<br>
 Client ---> pedropetti  Campaing --> 7  Profile --> itaupersonnalite:  proccess correctly<br><br>

<br>
<br>
 ---------->Leads extracted and save successfully from profile 318438955 na tabela leads<br>
<br>
<br>
<br>
 ---------->Leads extracted and save successfully from profile 7793781758 na tabela leads<br>
<br>
<br>
<br>
 ---------->Leads extracted and save successfully from profile 3311273387 na tabela leads<br>
<br>
<br>
<br>
 ---------->Leads extracted and save successfully from profile 552544090 na tabela leads<br>
<br>
<br>
<br>
 ---------->Leads extracted and save successfully from profile 5534988774 na tabela leads<br>
<br>
<br>
<br>
 ---------->Leads extracted and save successfully from profile 5874526034 na tabela leads<br>
<br>
<br>
<br>
 ---------->Leads extracted and save successfully from profile 1055124130 na tabela leads<br>
<br>
<br>
<br>
 ---------->Leads extracted and save successfully from profile 2180208103 na tabela leads<br>
<br>
<br>
<br>
 ---------->Leads extracted and save successfully from profile 586702 na tabela leads<br>
<br>
<br>
<br>
 ---------->Leads extracted and save successfully from profile 29114543 na tabela leads<br>
<br>
<br>
<br>
 ---------->Leads extracted and save successfully from profile 4493684660 na tabela leads<br>
<br>
<br>
<br>
 ---------->Leads extracted and save successfully from profile 588650362 na tabela leads<br>
<br>
<br>
<br>
 ---------->Leads extracted and save successfully from profile 417507313 na tabela leads<br>
<br>
<br>
<br>
 ---------->Leads extracted and save successfully from profile 7700147839 na tabela leads<br>
<br>
<br>
<br>
 ---------->Leads extracted and save successfully from profile 6234834037 na tabela leads<br>
<br>
<br>
<br>
 ---------->Leads extracted and save successfully from profile 364749062 na tabela leads<br>
<br>
<br>
<br>
 ---------->Leads extracted and save successfully from profile 1574449037 na tabela leads<br>
<br>
<br>
<br>
 ---------->Leads extracted and save successfully from profile 1752950580 na tabela leads<br>
<br>
<br>
<br>
 ---------->Leads extracted and save successfully from profile 1346319575 na tabela leads<br>
<br>
<br>
<br>
 ---------->Leads extracted and save successfully from profile 6906300807 na tabela leads<br>
<br>
<br>
<br>
 ---------->Leads extracted and save successfully from profile 3666702268 na tabela leads<br>
<br>
<br>
<br>
 ---------->Leads extracted and save successfully from profile 299531710 na tabela leads<br>
<br>
<br>
<br>
 ---------->Leads extracted and save successfully from profile 5431490054 na tabela leads<br>
<br>
<br>
<br>
 ---------->Leads extracted and save successfully from profile 1662085119 na tabela leads<br>
<br>
<br>
<br>
 ---------->Leads extracted and save successfully from profile 3667127696 na tabela leads<br>
<br>
<br>
<br>
 ---------->Leads extracted and save successfully from profile 1699336269 na tabela leads<br>
<br>
<br>
<br>
 ---------->Leads extracted and save successfully from profile 789306974 na tabela leads<br>
<br>
<br>
<br>
 ---------->Leads extracted and save successfully from profile 1341935421 na tabela leads<br>
<br>
<br>
<br>
 ---------->Leads extracted and save successfully from profile 346668063 na tabela leads<br>
<br>
<br>
<br>
 ---------->Leads extracted and save successfully from profile 284276367 na tabela leads<br>
<br>
<br>
<br>
 ---------->Leads extracted and save successfully from profile 7589171962 na tabela leads<br>
<br>
<br>
<br>
 ---------->Leads extracted and save successfully from profile 316221715 na tabela leads<br>
<br>
<br>
<br>
 ---------->Leads extracted and save successfully from profile 1423912255 na tabela leads<br>
<br>
 Client ---> pedropetti  Campaing --> 11  Profile --> bancointer:  proccess correctly<br><br>

<br>
<br>
 ---------->Leads extracted and save successfully from profile 402451089 na tabela leads<br>
<br>
<br>
<br>
 ---------->Leads extracted and save successfully from profile 289232495 na tabela leads<br>
<br>
<br>
<br>
 ---------->Leads extracted and save successfully from profile 5146880357 na tabela leads<br>
<br>
<br>
<br>
 ---------->Leads extracted and save successfully from profile 7107119685 na tabela leads<br>
<br>
<br>
<br>
 ---------->Leads extracted and save successfully from profile 1535820498 na tabela leads<br>
<br>
<br>
<br>
 ---------->Leads extracted and save successfully from profile 444622278 na tabela leads<br>
<br>
<br>
<br>
 ---------->Leads extracted and save successfully from profile 5062968138 na tabela leads<br>
<br>
<br>
<br>
 ---------->Leads extracted and save successfully from profile 296634992 na tabela leads<br>
<br>
<br>
<br>
 ---------->Leads extracted and save successfully from profile 5479483285 na tabela leads<br>
<br>
<br>
<br>
 ---------->Leads extracted and save successfully from profile 423064343 na tabela leads<br>
<br>
<br>
<br>
 ---------->Leads extracted and save successfully from profile 1392874184 na tabela leads<br>
<br>
<br>
<br>
 ---------->Leads extracted and save successfully from profile 602217835 na tabela leads<br>
<br>
<br>
<br>
 ---------->Leads extracted and save successfully from profile 330087429 na tabela leads<br>
<br>
<br>
<br>
 ---------->Leads extracted and save successfully from profile 529160461 na tabela leads<br>
<br>
<br>
<br>
 ---------->Leads extracted and save successfully from profile 1694132482 na tabela leads<br>
<br>
<br>
<br>
 ---------->Leads extracted and save successfully from profile 3517337898 na tabela leads<br>
<br>
<br>
<br>
 ---------->Leads extracted and save successfully from profile 282488164 na tabela leads<br>
<br>
<br>
<br>
 ---------->Leads extracted and save successfully from profile 477022423 na tabela leads<br>
<br>
<br>
<br>
 ---------->Leads extracted and save successfully from profile 7499601315 na tabela leads<br>
<br>
<br>
<br>
 ---------->Leads extracted and save successfully from profile 4052193302 na tabela leads<br>
<br>
<br>
<br>
 ---------->Leads extracted and save successfully from profile 685190594 na tabela leads<br>
<br>
<br>
<br>
 ---------->Leads extracted and save successfully from profile 1698342710 na tabela leads<br>
<br>
<br>
<br>
 ---------->Leads extracted and save successfully from profile 191548708 na tabela leads<br>
<br>
 Client ---> pedropetti  Campaing --> 12  Profile --> ricocomvc:  proccess correctly<br><br>

<br>
<br>
 ---------->Leads extracted and save successfully from profile 1393007646 na tabela leads<br>
<br>
<br>
<br>
 ---------->Leads extracted and save successfully from profile 265143862 na tabela leads<br>
<br>
<br>
<br>
 ---------->Leads extracted and save successfully from profile 49540165 na tabela leads<br>
<br>
<br>
<br>
 ---------->Leads extracted and save successfully from profile 3410171332 na tabela leads<br>
<br>
<br>
<br>
 ---------->Leads extracted and save successfully from profile 6817522924 na tabela leads<br>
<br>
<br>
<br>
 ---------->Leads extracted and save successfully from profile 238102423 na tabela leads<br>
<br>
<br>
<br>
 ---------->Leads extracted and save successfully from profile 2710617894 na tabela leads<br>
<br>
<br>
<br>
 ---------->Leads extracted and save successfully from profile 504130983 na tabela leads<br>
<br>
<br>
<br>
 ---------->Leads extracted and save successfully from profile 269204847 na tabela leads<br>
<br>
<br>
<br>
 ---------->Leads extracted and save successfully from profile 1635734633 na tabela leads<br>
<br>
<br>
<br>
 ---------->Leads extracted and save successfully from profile 7663482773 na tabela leads<br>
<br>
<br>
<br>
 ---------->Leads extracted and save successfully from profile 7749055805 na tabela leads<br>
<br>
<br>
<br>
 ---------->Leads extracted and save successfully from profile 417149469 na tabela leads<br>
<br>
<br>
<br>
 ---------->Leads extracted and save successfully from profile 4838745266 na tabela leads<br>
<br>
<br>
<br>
 ---------->Leads extracted and save successfully from profile 2245454357 na tabela leads<br>
<br>
<br>
<br>
 ---------->Leads extracted and save successfully from profile 4952929073 na tabela leads<br>
<br>
<br>
<br>
 ---------->Leads extracted and save successfully from profile 7740294822 na tabela leads<br>
<br>
<br>
<br>
 ---------->Leads extracted and save successfully from profile 4342449806 na tabela leads<br>
<br>
<br>
<br>
 ---------->Leads extracted and save successfully from profile 6902314857 na tabela leads<br>
<br>
<br>
<br>
 ---------->Leads extracted and save successfully from profile 4607950411 na tabela leads<br>
<br>
<br>
<br>
 ---------->Leads extracted and save successfully from profile 15060738 na tabela leads<br>
<br>
<br>
<br>
 ---------->Leads extracted and save successfully from profile 5532135195 na tabela leads<br>
<br>
<br>
<br>
 ---------->Leads extracted and save successfully from profile 1259474639 na tabela leads<br>
<br>
<br>
<br>
 ---------->Leads extracted and save successfully from profile 7507343860 na tabela leads<br>
<br>
<br>
<br>
 ---------->Leads extracted and save successfully from profile 512359524 na tabela leads<br>
<br>
<br>
<br>
 ---------->Leads extracted and save successfully from profile 1722188340 na tabela leads<br>
<br>
<br>
<br>
 ---------->Leads extracted and save successfully from profile 1755996699 na tabela leads<br>
<br>
<br>
<br>
 ---------->Leads extracted and save successfully from profile 5699425722 na tabela leads<br>
<br>
<br>
<br>
 ---------->Leads extracted and save successfully from profile 269392668 na tabela leads<br>
<br>
<br>
<br>
 ---------->Leads extracted and save successfully from profile 6069629584 na tabela leads<br>
<br>
<br>
<br>
 ---------->Leads extracted and save successfully from profile 1313069029 na tabela leads<br>
<br>
<br>
<br>
 ---------->Leads extracted and save successfully from profile 7638951366 na tabela leads<br>
<br>
 Client ---> pedropetti  Campaing --> 12  Profile --> genialinvestimentos:  proccess correctly<br><br>

<br>
<br>
 ---------->Leads extracted and save successfully from profile 4151767273 na tabela leads<br>
<br>
<br>
<br>
 ---------->Leads extracted and save successfully from profile 1924198890 na tabela leads<br>
<br>
<br>
<br>
 ---------->Leads extracted and save successfully from profile 319026980 na tabela leads<br>
<br>
<br>
<br>
 ---------->Leads extracted and save successfully from profile 6200449029 na tabela leads<br>
<br>
<br>
<br>
 ---------->Leads extracted and save successfully from profile 6231520304 na tabela leads<br>
<br>
<br>
<br>
 ---------->Leads extracted and save successfully from profile 5181067259 na tabela leads<br>
<br>
<br>
<br>
 ---------->Leads extracted and save successfully from profile 314588960 na tabela leads<br>
<br>
<br>
<br>
 ---------->Leads extracted and save successfully from profile 4311925588 na tabela leads<br>
<br>
<br>
<br>
 ---------->Leads extracted and save successfully from profile 1227195030 na tabela leads<br>
<br>
<br>
<br>
 ---------->Leads extracted and save successfully from profile 280951645 na tabela leads<br>
<br>
<br>
<br>
 ---------->Leads extracted and save successfully from profile 1362870770 na tabela leads<br>
<br>
<br>
<br>
 ---------->Leads extracted and save successfully from profile 214577138 na tabela leads<br>
<br>
<br>
<br>
 ---------->Leads extracted and save successfully from profile 7532092866 na tabela leads<br>
<br>
<br>
<br>
 ---------->Leads extracted and save successfully from profile 5580782826 na tabela leads<br>
<br>
<br>
<br>
 ---------->Leads extracted and save successfully from profile 1457825981 na tabela leads<br>
<br>
<br>
<br>
 ---------->Leads extracted and save successfully from profile 1478332297 na tabela leads<br>
<br>
<br>
<br>
 ---------->Leads extracted and save successfully from profile 3251140318 na tabela leads<br>
<br>
<br>
<br>
 ---------->Leads extracted and save successfully from profile 185924006 na tabela leads<br>
<br>
 Client ---> pedropetti  Campaing --> 10  Profile --> oramainvestimentos:  proccess correctly<br><br>

<br>
<br>
 ---------->Leads extracted and save successfully from profile 195776481 na tabela leads<br>
<br>
<br>
<br>
 ---------->Leads extracted and save successfully from profile 33049569 na tabela leads<br>
<br>
 Client ---> josergm86  Campaing --> 4  Profile --> ronaldo:  proccess correctly<br><br>

<br>
<br>
 ---------->Leads extracted and save successfully from profile 6993340000 na tabela leads<br>
<br>
<br>
<br>
 ---------->Leads extracted and save successfully from profile 7617558220 na tabela leads<br>
<br>
<br>
<br>
 ---------->Leads extracted and save successfully from profile 5691234697 na tabela leads<br>
<br>
<br>
<br>
 ---------->Leads extracted and save successfully from profile 7366915 na tabela leads<br>
<br>
<br>
<br>
 ---------->Leads extracted and save successfully from profile 6910433131 na tabela leads<br>
<br>
<br>
<br>
 ---------->Leads extracted and save successfully from profile 1707854117 na tabela leads<br>
<br>
<br>
<br>
 ---------->Leads extracted and save successfully from profile 3050648026 na tabela leads<br>
<br>
<br>
<br>
 ---------->Leads extracted and save successfully from profile 4488434732 na tabela leads<br>
<br>
<br>
<br>
 ---------->Leads extracted and save successfully from profile 3964381198 na tabela leads<br>
<br>
<br>
<br>
 ---------->Leads extracted and save successfully from profile 7487364764 na tabela leads<br>
<br>
<br>
<br>
 ---------->Leads extracted and save successfully from profile 7553711037 na tabela leads<br>
<br>
 Client ---> pedropetti  Campaing --> 10  Profile --> equipeverios:  proccess correctly<br><br>

<br>
<br>
 ---------->Leads extracted and save successfully from profile 7700147839 na tabela leads<br>
<br>
<br>
<br>
 ---------->Leads extracted and save successfully from profile 1699336269 na tabela leads<br>
<br>
<br>
<br>
 ---------->Leads extracted and save successfully from profile 15837033 na tabela leads<br>
<br>
<br>
<br>
 ---------->Leads extracted and save successfully from profile 2315509417 na tabela leads<br>
<br>
<br>
<br>
 ---------->Leads extracted and save successfully from profile 5473564193 na tabela leads<br>
<br>
<br>
<br>
 ---------->Leads extracted and save successfully from profile 5872168687 na tabela leads<br>
<br>
<br>
<br>
 ---------->Leads extracted and save successfully from profile 2533166696 na tabela leads<br>
<br>
<br>
<br>
 ---------->Leads extracted and save successfully from profile 180799720 na tabela leads<br>
<br>
<br>
<br>
 ---------->Leads extracted and save successfully from profile 2182053891 na tabela leads<br>
<br>
<br>
<br>
 ---------->Leads extracted and save successfully from profile 6037319639 na tabela leads<br>
<br>
<br>
<br>
 ---------->Leads extracted and save successfully from profile 2228587754 na tabela leads<br>
<br>
<br>
<br>
 ---------->Leads extracted and save successfully from profile 750373 na tabela leads<br>
<br>
<br>
<br>
 ---------->Leads extracted and save successfully from profile 830432845 na tabela leads<br>
<br>
<br>
<br>
 ---------->Leads extracted and save successfully from profile 5561116562 na tabela leads<br>
<br>
<br>
<br>
 ---------->Leads extracted and save successfully from profile 2160621900 na tabela leads<br>
<br>
<br>
<br>
 ---------->Leads extracted and save successfully from profile 1402436085 na tabela leads<br>
<br>
<br>
<br>
 ---------->Leads extracted and save successfully from profile 1575956561 na tabela leads<br>
<br>
<br>
<br>
 ---------->Leads extracted and save successfully from profile 6239464928 na tabela leads<br>
<br>
<br>
<br>
 ---------->Leads extracted and save successfully from profile 7674559511 na tabela leads<br>
<br>
<br>
<br>
 ---------->Leads extracted and save successfully from profile 547944383 na tabela leads<br>
<br>
<br>
<br>
 ---------->Leads extracted and save successfully from profile 230696044 na tabela leads<br>
<br>
<br>
<br>
 ---------->Leads extracted and save successfully from profile 2173462881 na tabela leads<br>
<br>
<br>
<br>
 ---------->Leads extracted and save successfully from profile 2951703230 na tabela leads<br>
<br>
<br>
<br>
 ---------->Leads extracted and save successfully from profile 370525487 na tabela leads<br>
<br>
<br>
<br>
 ---------->Leads extracted and save successfully from profile 1639074219 na tabela leads<br>
<br>
<br>
<br>
 ---------->Leads extracted and save successfully from profile 1513063600 na tabela leads<br>
<br>
 Client ---> pedropetti  Campaing --> 9  Profile --> meudigio:  proccess correctly<br><br>

<br>
<br>
 ---------->Leads extracted and save successfully from profile 1554339840 na tabela leads<br>
<br>
<br>
<br>
 ---------->Leads extracted and save successfully from profile 19982001 na tabela leads<br>
<br>
<br>
<br>
 ---------->Leads extracted and save successfully from profile 6258778284 na tabela leads<br>
<br>
<br>
<br>
 ---------->Leads extracted and save successfully from profile 29383619 na tabela leads<br>
<br>
<br>
<br>
 ---------->Leads extracted and save successfully from profile 5544050724 na tabela leads<br>
<br>
<br>
<br>
 ---------->Leads extracted and save successfully from profile 5632433692 na tabela leads<br>
<br>
<br>
<br>
 ---------->Leads extracted and save successfully from profile 847695578 na tabela leads<br>
<br>
<br>
<br>
 ---------->Leads extracted and save successfully from profile 9606275 na tabela leads<br>
<br>
<br>
<br>
 ---------->Leads extracted and save successfully from profile 51198306 na tabela leads<br>
<br>
<br>
<br>
 ---------->Leads extracted and save successfully from profile 4212737241 na tabela leads<br>
<br>
<br>
<br>
 ---------->Leads extracted and save successfully from profile 7055497324 na tabela leads<br>
<br>
<br>
<br>
 ---------->Leads extracted and save successfully from profile 2696455793 na tabela leads<br>
<br>
<br>
<br>
 ---------->Leads extracted and save successfully from profile 6329939 na tabela leads<br>
<br>
<br>
<br>
 ---------->Leads extracted and save successfully from profile 246178112 na tabela leads<br>
<br>
<br>
<br>
 ---------->Leads extracted and save successfully from profile 243573229 na tabela leads<br>
<br>
<br>
<br>
 ---------->Leads extracted and save successfully from profile 293432280 na tabela leads<br>
<br>
 Client ---> pedropetti  Campaing --> 7  Profile --> itaupersonnalite:  proccess correctly<br><br>

<br>
<br>
 ---------->Leads extracted and save successfully from profile 4061853614 na tabela leads<br>
<br>
<br>
<br>
 ---------->Leads extracted and save successfully from profile 5985636454 na tabela leads<br>
<br>
<br>
<br>
 ---------->Leads extracted and save successfully from profile 2053420378 na tabela leads<br>
<br>
<br>
<br>
 ---------->Leads extracted and save successfully from profile 215601023 na tabela leads<br>
<br>
<br>
<br>
 ---------->Leads extracted and save successfully from profile 1093752894 na tabela leads<br>
<br>
<br>
<br>
 ---------->Leads extracted and save successfully from profile 1102896655 na tabela leads<br>
<br>
<br>
<br>
 ---------->Leads extracted and save successfully from profile 1326673963 na tabela leads<br>
<br>
<br>
<br>
 ---------->Leads extracted and save successfully from profile 6080203759 na tabela leads<br>
<br>
<br>
<br>
 ---------->Leads extracted and save successfully from profile 2296139641 na tabela leads<br>
<br>
<br>
<br>
 ---------->Leads extracted and save successfully from profile 4541646630 na tabela leads<br>
<br>
<br>
<br>
 ---------->Leads extracted and save successfully from profile 341420615 na tabela leads<br>
<br>
<br>
<br>
 ---------->Leads extracted and save successfully from profile 462818352 na tabela leads<br>
<br>
<br>
<br>
 ---------->Leads extracted and save successfully from profile 31018679 na tabela leads<br>
<br>
<br>
<br>
 ---------->Leads extracted and save successfully from profile 313795434 na tabela leads<br>
<br>
<br>
<br>
 ---------->Leads extracted and save successfully from profile 5552866305 na tabela leads<br>
<br>
<br>
<br>
 ---------->Leads extracted and save successfully from profile 6682892405 na tabela leads<br>
<br>
<br>
<br>
 ---------->Leads extracted and save successfully from profile 7010289259 na tabela leads<br>
<br>
<br>
<br>
 ---------->Leads extracted and save successfully from profile 7594936267 na tabela leads<br>
<br>
<br>
<br>
 ---------->Leads extracted and save successfully from profile 5568825764 na tabela leads<br>
<br>
<br>
<br>
 ---------->Leads extracted and save successfully from profile 744420452 na tabela leads<br>
<br>
<br>
<br>
 ---------->Leads extracted and save successfully from profile 1637566307 na tabela leads<br>
<br>
<br>
<br>
 ---------->Leads extracted and save successfully from profile 5868574998 na tabela leads<br>
<br>
<br>
<br>
 ---------->Leads extracted and save successfully from profile 7104760091 na tabela leads<br>
<br>
<br>
<br>
 ---------->Leads extracted and save successfully from profile 911730276 na tabela leads<br>
<br>
<br>
<br>
 ---------->Leads extracted and save successfully from profile 291670472 na tabela leads<br>
<br>
<br>
<br>
 ---------->Leads extracted and save successfully from profile 7584733576 na tabela leads<br>
<br>
<br>
<br>
 ---------->Leads extracted and save successfully from profile 5592324028 na tabela leads<br>
<br>
 Client ---> pedropetti  Campaing --> 12  Profile --> xpinvestimentos:  proccess correctly<br><br>

<br>
<br>
 ---------->Leads extracted and save successfully from profile 513737457 na tabela leads<br>
<br>
<br>
<br>
 ---------->Leads extracted and save successfully from profile 7572633912 na tabela leads<br>
<br>
<br>
<br>
 ---------->Leads extracted and save successfully from profile 4608445441 na tabela leads<br>
<br>
<br>
<br>
 ---------->Leads extracted and save successfully from profile 7580672047 na tabela leads<br>
<br>
<br>
<br>
 ---------->Leads extracted and save successfully from profile 234972572 na tabela leads<br>
<br>
<br>
<br>
 ---------->Leads extracted and save successfully from profile 2324360773 na tabela leads<br>
<br>
<br>
<br>
 ---------->Leads extracted and save successfully from profile 492811288 na tabela leads<br>
<br>
<br>
<br>
 ---------->Leads extracted and save successfully from profile 1178751127 na tabela leads<br>
<br>
<br>
<br>
 ---------->Leads extracted and save successfully from profile 5868459944 na tabela leads<br>
<br>
<br>
<br>
 ---------->Leads extracted and save successfully from profile 1162675705 na tabela leads<br>
<br>
<br>
<br>
 ---------->Leads extracted and save successfully from profile 7577851792 na tabela leads<br>
<br>
<br>
<br>
 ---------->Leads extracted and save successfully from profile 7553711037 na tabela leads<br>
<br>
<br>
<br>
 ---------->Leads extracted and save successfully from profile 4464384843 na tabela leads<br>
<br>
<br>
<br>
 ---------->Leads extracted and save successfully from profile 1482745931 na tabela leads<br>
<br>
 Client ---> pedropetti  Campaing --> 12  Profile --> guideinvestimentos:  proccess correctly<br><br>

<br>
<br>
 ---------->Leads extracted and save successfully from profile 34134155 na tabela leads<br>
<br>
<br>
<br>
 ---------->Leads extracted and save successfully from profile 1593325551 na tabela leads<br>
<br>
<br>
<br>
 ---------->Leads extracted and save successfully from profile 1536932017 na tabela leads<br>
<br>
<br>
<br>
 ---------->Leads extracted and save successfully from profile 2201611711 na tabela leads<br>
<br>
<br>
<br>
 ---------->Leads extracted and save successfully from profile 4532067304 na tabela leads<br>
<br>
<br>
<br>
 ---------->Leads extracted and save successfully from profile 3568361676 na tabela leads<br>
<br>
<br>
<br>
 ---------->Leads extracted and save successfully from profile 5759960451 na tabela leads<br>
<br>
<br>
<br>
 ---------->Leads extracted and save successfully from profile 1958205166 na tabela leads<br>
<br>
<br>
<br>
 ---------->Leads extracted and save successfully from profile 7694341739 na tabela leads<br>
<br>
<br>
<br>
 ---------->Leads extracted and save successfully from profile 269826703 na tabela leads<br>
<br>
<br>
<br>
 ---------->Leads extracted and save successfully from profile 6342897238 na tabela leads<br>
<br>
<br>
<br>
 ---------->Leads extracted and save successfully from profile 7272894359 na tabela leads<br>
<br>
<br>
<br>
 ---------->Leads extracted and save successfully from profile 1413394416 na tabela leads<br>
<br>
<br>
<br>
 ---------->Leads extracted and save successfully from profile 218348047 na tabela leads<br>
<br>
<br>
<br>
 ---------->Leads extracted and save successfully from profile 591626254 na tabela leads<br>
<br>
<br>
<br>
 ---------->Leads extracted and save successfully from profile 2941046954 na tabela leads<br>
<br>
<br>
<br>
 ---------->Leads extracted and save successfully from profile 1099070973 na tabela leads<br>
<br>
<br>
<br>
 ---------->Leads extracted and save successfully from profile 6433373427 na tabela leads<br>
<br>
<br>
<br>
 ---------->Leads extracted and save successfully from profile 5490157284 na tabela leads<br>
<br>
<br>
<br>
 ---------->Leads extracted and save successfully from profile 383524009 na tabela leads<br>
<br>
<br>
<br>
 ---------->Leads extracted and save successfully from profile 3624833389 na tabela leads<br>
<br>
<br>
<br>
 ---------->Leads extracted and save successfully from profile 1495258362 na tabela leads<br>
<br>
<br>
<br>
 ---------->Leads extracted and save successfully from profile 4885116136 na tabela leads<br>
<br>
 Client ---> pedropetti  Campaing --> 9  Profile --> meudigio:  proccess correctly<br><br>

<br>
<br>
 ---------->Leads extracted and save successfully from profile 179365714 na tabela leads<br>
<br>
<br>
<br>
 ---------->Leads extracted and save successfully from profile 7259156446 na tabela leads<br>
<br>
<br>
<br>
 ---------->Leads extracted and save successfully from profile 2319657038 na tabela leads<br>
<br>
<br>
<br>
 ---------->Leads extracted and save successfully from profile 377368629 na tabela leads<br>
<br>
<br>
<br>
 ---------->Leads extracted and save successfully from profile 290771354 na tabela leads<br>
<br>
<br>
<br>
 ---------->Leads extracted and save successfully from profile 435149940 na tabela leads<br>
<br>
<br>
<br>
 ---------->Leads extracted and save successfully from profile 7654446777 na tabela leads<br>
<br>
<br>
<br>
 ---------->Leads extracted and save successfully from profile 4160102517 na tabela leads<br>
<br>
<br>
<br>
 ---------->Leads extracted and save successfully from profile 526732639 na tabela leads<br>
<br>
<br>
<br>
 ---------->Leads extracted and save successfully from profile 512359524 na tabela leads<br>
<br>
<br>
<br>
 ---------->Leads extracted and save successfully from profile 7580478618 na tabela leads<br>
<br>
<br>
<br>
 ---------->Leads extracted and save successfully from profile 6190032045 na tabela leads<br>
<br>
<br>
<br>
 ---------->Leads extracted and save successfully from profile 6119324012 na tabela leads<br>
<br>
<br>
<br>
 ---------->Leads extracted and save successfully from profile 7595493980 na tabela leads<br>
<br>
<br>
<br>
 ---------->Leads extracted and save successfully from profile 5973877351 na tabela leads<br>
<br>
<br>
<br>
 ---------->Leads extracted and save successfully from profile 3147662378 na tabela leads<br>
<br>
<br>
<br>
 ---------->Leads extracted and save successfully from profile 5398468102 na tabela leads<br>
<br>
<br>
<br>
 ---------->Leads extracted and save successfully from profile 7308793607 na tabela leads<br>
<br>
<br>
<br>
 ---------->Leads extracted and save successfully from profile 7566315480 na tabela leads<br>
<br>
<br>
<br>
 ---------->Leads extracted and save successfully from profile 1959796869 na tabela leads<br>
<br>
<br>
<br>
 ---------->Leads extracted and save successfully from profile 12467005 na tabela leads<br>
<br>
<br>
<br>
 ---------->Leads extracted and save successfully from profile 535513911 na tabela leads<br>
<br>
<br>
<br>
 ---------->Leads extracted and save successfully from profile 7589219372 na tabela leads<br>
<br>
<br>
<br>
 ---------->Leads extracted and save successfully from profile 247134419 na tabela leads<br>
<br>
<br>
<br>
 ---------->Leads extracted and save successfully from profile 1505534142 na tabela leads<br>
<br>
<br>
<br>
 ---------->Leads extracted and save successfully from profile 6447120045 na tabela leads<br>
<br>
<br>
<br>
 ---------->Leads extracted and save successfully from profile 12184474 na tabela leads<br>
<br>
<br>
<br>
 ---------->Leads extracted and save successfully from profile 299978963 na tabela leads<br>
<br>
 Client ---> pedropetti  Campaing --> 7  Profile --> itaupersonnalite:  proccess correctly<br><br>

<br>
<br>
 ---------->Leads extracted and save successfully from profile 1483925608 na tabela leads<br>
<br>
<br>
<br>
 ---------->Leads extracted and save successfully from profile 4765786137 na tabela leads<br>
<br>
<br>
<br>
 ---------->Leads extracted and save successfully from profile 1083238270 na tabela leads<br>
<br>
<br>
<br>
 ---------->Leads extracted and save successfully from profile 1997070483 na tabela leads<br>
<br>
<br>
<br>
 ---------->Leads extracted and save successfully from profile 513773230 na tabela leads<br>
<br>
<br>
<br>
 ---------->Leads extracted and save successfully from profile 1199933952 na tabela leads<br>
<br>
<br>
<br>
 ---------->Leads extracted and save successfully from profile 1385021358 na tabela leads<br>
<br>
<br>
<br>
 ---------->Leads extracted and save successfully from profile 1413133391 na tabela leads<br>
<br>
<br>
<br>
 ---------->Leads extracted and save successfully from profile 1269156222 na tabela leads<br>
<br>
<br>
<br>
 ---------->Leads extracted and save successfully from profile 5638215427 na tabela leads<br>
<br>
<br>
<br>
 ---------->Leads extracted and save successfully from profile 1630949246 na tabela leads<br>
<br>
<br>
<br>
 ---------->Leads extracted and save successfully from profile 2029950072 na tabela leads<br>
<br>
<br>
<br>
 ---------->Leads extracted and save successfully from profile 5861605998 na tabela leads<br>
<br>
<br>
<br>
 ---------->Leads extracted and save successfully from profile 1604359644 na tabela leads<br>
<br>
<br>
<br>
 ---------->Leads extracted and save successfully from profile 349007827 na tabela leads<br>
<br>
<br>
<br>
 ---------->Leads extracted and save successfully from profile 1564037261 na tabela leads<br>
<br>
<br>
<br>
 ---------->Leads extracted and save successfully from profile 1481068513 na tabela leads<br>
<br>
<br>
<br>
 ---------->Leads extracted and save successfully from profile 6038336164 na tabela leads<br>
<br>
<br>
<br>
 ---------->Leads extracted and save successfully from profile 365740337 na tabela leads<br>
<br>
<br>
<br>
 ---------->Leads extracted and save successfully from profile 13889918 na tabela leads<br>
<br>
 Client ---> pedropetti  Campaing --> 9  Profile --> trigg_br:  proccess correctly<br><br>

<br>
<br>
 ---------->Leads extracted and save successfully from profile 327056435 na tabela leads<br>
<br>
<br>
<br>
 ---------->Leads extracted and save successfully from profile 1215117037 na tabela leads<br>
<br>
<br>
<br>
 ---------->Leads extracted and save successfully from profile 420540049 na tabela leads<br>
<br>
<br>
<br>
 ---------->Leads extracted and save successfully from profile 2325951738 na tabela leads<br>
<br>
 Client ---> pedropetti  Campaing --> 9  Profile --> meudigio:  proccess correctly<br><br>

<br>
<br>
 ---------->Leads extracted and save successfully from profile 6257524860 na tabela leads<br>
<br>
<br>
<br>
 ---------->Leads extracted and save successfully from profile 7336559762 na tabela leads<br>
<br>
<br>
<br>
 ---------->Leads extracted and save successfully from profile 514332407 na tabela leads<br>
<br>
<br>
<br>
 ---------->Leads extracted and save successfully from profile 642758196 na tabela leads<br>
<br>
<br>
<br>
 ---------->Leads extracted and save successfully from profile 1905041286 na tabela leads<br>
<br>
<br>
<br>
 ---------->Leads extracted and save successfully from profile 210998905 na tabela leads<br>
<br>
<br>
<br>
 ---------->Leads extracted and save successfully from profile 1550941989 na tabela leads<br>
<br>
<br>
<br>
 ---------->Leads extracted and save successfully from profile 1793698392 na tabela leads<br>
<br>
<br>
<br>
 ---------->Leads extracted and save successfully from profile 2182053891 na tabela leads<br>
<br>
<br>
<br>
 ---------->Leads extracted and save successfully from profile 713338982 na tabela leads<br>
<br>
<br>
<br>
 ---------->Leads extracted and save successfully from profile 5460309518 na tabela leads<br>
<br>
<br>
<br>
 ---------->Leads extracted and save successfully from profile 584922067 na tabela leads<br>
<br>
<br>
<br>
 ---------->Leads extracted and save successfully from profile 54194171 na tabela leads<br>
<br>
 Client ---> pedropetti  Campaing --> 8  Profile --> bradesco:  proccess correctly<br><br>

<br>
<br>
 ---------->Leads extracted and save successfully from profile 2273676701 na tabela leads<br>
<br>
<br>
<br>
 ---------->Leads extracted and save successfully from profile 176686374 na tabela leads<br>
<br>
<br>
<br>
 ---------->Leads extracted and save successfully from profile 25645722 na tabela leads<br>
<br>
<br>
<br>
 ---------->Leads extracted and save successfully from profile 6684944583 na tabela leads<br>
<br>
<br>
<br>
 ---------->Leads extracted and save successfully from profile 211282939 na tabela leads<br>
<br>
<br>
<br>
 ---------->Leads extracted and save successfully from profile 2166277054 na tabela leads<br>
<br>
<br>
<br>
 ---------->Leads extracted and save successfully from profile 3173944438 na tabela leads<br>
<br>
<br>
<br>
 ---------->Leads extracted and save successfully from profile 40477285 na tabela leads<br>
<br>
<br>
<br>
 ---------->Leads extracted and save successfully from profile 288854774 na tabela leads<br>
<br>
<br>
<br>
 ---------->Leads extracted and save successfully from profile 3826297321 na tabela leads<br>
<br>
<br>
<br>
 ---------->Leads extracted and save successfully from profile 42942238 na tabela leads<br>
<br>
<br>
<br>
 ---------->Leads extracted and save successfully from profile 583135134 na tabela leads<br>
<br>
<br>
<br>
 ---------->Leads extracted and save successfully from profile 7080890676 na tabela leads<br>
<br>
<br>
<br>
 ---------->Leads extracted and save successfully from profile 7289598905 na tabela leads<br>
<br>
<br>
<br>
 ---------->Leads extracted and save successfully from profile 507279707 na tabela leads<br>
<br>
<br>
<br>
 ---------->Leads extracted and save successfully from profile 2131660615 na tabela leads<br>
<br>
<br>
<br>
 ---------->Leads extracted and save successfully from profile 1565263295 na tabela leads<br>
<br>
<br>
<br>
 ---------->Leads extracted and save successfully from profile 1417137601 na tabela leads<br>
<br>
<br>
<br>
 ---------->Leads extracted and save successfully from profile 41822698 na tabela leads<br>
<br>
<br>
<br>
 ---------->Leads extracted and save successfully from profile 588646876 na tabela leads<br>
<br>
<br>
<br>
 ---------->Leads extracted and save successfully from profile 3275449651 na tabela leads<br>
<br>
 Client ---> pedropetti  Campaing --> 7  Profile --> itaupersonnalite:  proccess correctly<br><br>

<br />
<b>Notice</b>:  Undefined variable: login_data in <b>/opt/lampp/htdocs/leads/worker/class/Robot.php</b> on line <b>397</b><br />
<br />
<b>Notice</b>:  Undefined variable: login_data in <b>/opt/lampp/htdocs/leads/worker/class/Robot.php</b> on line <b>397</b><br />
<br />
<b>Notice</b>:  Undefined variable: login_data in <b>/opt/lampp/htdocs/leads/worker/class/Robot.php</b> on line <b>397</b><br />
 Client ---> pedropetti  Campaing --> 6  Profile --> santandervangogh:  proccess correctly<br><br>

<br>
<br>
 ---------->Leads extracted and save successfully from profile 3198761146 na tabela leads<br>
<br>
<br>
<br>
 ---------->Leads extracted and save successfully from profile 5968742405 na tabela leads<br>
<br>
<br>
<br>
 ---------->Leads extracted and save successfully from profile 5889791420 na tabela leads<br>
<br>
<br>
<br>
 ---------->Leads extracted and save successfully from profile 235518159 na tabela leads<br>
<br>
<br>
<br>
 ---------->Leads extracted and save successfully from profile 329776090 na tabela leads<br>
<br>
<br>
<br>
 ---------->Leads extracted and save successfully from profile 6586991751 na tabela leads<br>
<br>
<br>
<br>
 ---------->Leads extracted and save successfully from profile 215497792 na tabela leads<br>
<br>
<br>
<br>
 ---------->Leads extracted and save successfully from profile 1320712714 na tabela leads<br>
<br>
<br>
<br>
 ---------->Leads extracted and save successfully from profile 6734171039 na tabela leads<br>
<br>
<br>
<br>
 ---------->Leads extracted and save successfully from profile 5868841403 na tabela leads<br>
<br>
<br>
<br>
 ---------->Leads extracted and save successfully from profile 1737403190 na tabela leads<br>
<br>
<br>
<br>
 ---------->Leads extracted and save successfully from profile 7047656704 na tabela leads<br>
<br>
<br>
<br>
 ---------->Leads extracted and save successfully from profile 359405939 na tabela leads<br>
<br>
<br>
<br>
 ---------->Leads extracted and save successfully from profile 6899584152 na tabela leads<br>
<br>
<br>
<br>
 ---------->Leads extracted and save successfully from profile 6911921270 na tabela leads<br>
<br>
<br>
<br>
 ---------->Leads extracted and save successfully from profile 2981232941 na tabela leads<br>
<br>
<br>
<br>
 ---------->Leads extracted and save successfully from profile 5320168370 na tabela leads<br>
<br>
<br>
<br>
 ---------->Leads extracted and save successfully from profile 740478228 na tabela leads<br>
<br>
<br>
<br>
 ---------->Leads extracted and save successfully from profile 2892747956 na tabela leads<br>
<br>
 Client ---> pedropetti  Campaing --> 5  Profile --> santanderbrasil:  proccess correctly<br><br>

<br>
<br>
 ---------->Leads extracted and save successfully from profile 5543487335 na tabela leads<br>
<br>
<br>
<br>
 ---------->Leads extracted and save successfully from profile 42340077 na tabela leads<br>
<br>
<br>
<br>
 ---------->Leads extracted and save successfully from profile 7385398380 na tabela leads<br>
<br>
<br>
<br>
 ---------->Leads extracted and save successfully from profile 1601223087 na tabela leads<br>
<br>
<br>
<br>
 ---------->Leads extracted and save successfully from profile 608305171 na tabela leads<br>
<br>
<br>
<br>
 ---------->Leads extracted and save successfully from profile 542921 na tabela leads<br>
<br>
<br>
<br>
 ---------->Leads extracted and save successfully from profile 3951347963 na tabela leads<br>
<br>
<br>
<br>
 ---------->Leads extracted and save successfully from profile 434972006 na tabela leads<br>
<br>
<br>
<br>
 ---------->Leads extracted and save successfully from profile 214763263 na tabela leads<br>
<br>
<br>
<br>
 ---------->Leads extracted and save successfully from profile 18152733 na tabela leads<br>
<br>
<br>
<br>
 ---------->Leads extracted and save successfully from profile 607470930 na tabela leads<br>
<br>
<br>
<br>
 ---------->Leads extracted and save successfully from profile 6370713437 na tabela leads<br>
<br>
<br>
<br>
 ---------->Leads extracted and save successfully from profile 1181173095 na tabela leads<br>
<br>
<br>
<br>
 ---------->Leads extracted and save successfully from profile 52713549 na tabela leads<br>
<br>
 Client ---> pedropetti  Campaing --> 8  Profile --> bradesco:  proccess correctly<br><br>

<br>
<br>
 ---------->Leads extracted and save successfully from profile 4791793 na tabela leads<br>
<br>
<br>
<br>
 ---------->Leads extracted and save successfully from profile 303104471 na tabela leads<br>
<br>
<br>
<br>
 ---------->Leads extracted and save successfully from profile 680674722 na tabela leads<br>
<br>
<br>
<br>
 ---------->Leads extracted and save successfully from profile 5178062102 na tabela leads<br>
<br>
<br>
<br>
 ---------->Leads extracted and save successfully from profile 211505004 na tabela leads<br>
<br>
<br>
<br>
 ---------->Leads extracted and save successfully from profile 7616741597 na tabela leads<br>
<br>
<br>
<br>
 ---------->Leads extracted and save successfully from profile 7668653193 na tabela leads<br>
<br>
<br>
<br>
 ---------->Leads extracted and save successfully from profile 9577713 na tabela leads<br>
<br>
<br>
<br>
 ---------->Leads extracted and save successfully from profile 7417370703 na tabela leads<br>
<br>
<br>
<br>
 ---------->Leads extracted and save successfully from profile 4623454960 na tabela leads<br>
<br>
<br>
<br>
 ---------->Leads extracted and save successfully from profile 6879436990 na tabela leads<br>
<br>
<br>
<br>
 ---------->Leads extracted and save successfully from profile 267010976 na tabela leads<br>
<br>
<br>
<br>
 ---------->Leads extracted and save successfully from profile 13444783 na tabela leads<br>
<br>
<br>
<br>
 ---------->Leads extracted and save successfully from profile 6670299226 na tabela leads<br>
<br>
<br>
<br>
 ---------->Leads extracted and save successfully from profile 797406384 na tabela leads<br>
<br>
<br>
<br>
 ---------->Leads extracted and save successfully from profile 7427418875 na tabela leads<br>
<br>
<br>
<br>
 ---------->Leads extracted and save successfully from profile 6930775957 na tabela leads<br>
<br>
<br>
<br>
 ---------->Leads extracted and save successfully from profile 1523197337 na tabela leads<br>
<br>
<br>
<br>
 ---------->Leads extracted and save successfully from profile 7631592122 na tabela leads<br>
<br>
<br>
<br>
 ---------->Leads extracted and save successfully from profile 7592131202 na tabela leads<br>
<br>
<br>
<br>
 ---------->Leads extracted and save successfully from profile 7487803688 na tabela leads<br>
<br>
 Client ---> pedropetti  Campaing --> 7  Profile --> itaupersonnalite:  proccess correctly<br><br>

<br />
<b>Notice</b>:  Undefined variable: login_data in <b>/opt/lampp/htdocs/leads/worker/class/Robot.php</b> on line <b>397</b><br />
<br />
<b>Notice</b>:  Undefined variable: login_data in <b>/opt/lampp/htdocs/leads/worker/class/Robot.php</b> on line <b>397</b><br />
<br />
<b>Notice</b>:  Undefined variable: login_data in <b>/opt/lampp/htdocs/leads/worker/class/Robot.php</b> on line <b>397</b><br />
<br>
<br>
 ---------->Leads extracted and save successfully from profile 4581978374 na tabela leads<br>
<br>
 Client ---> pedropetti  Campaing --> 6  Profile --> santanderbrasil:  proccess correctly<br><br>

<br>
 Hashtag 11 Set end_cursor to NULL!!!!!!!! Deleted daily work!!!!!!!!!!!!<br />
<b>Fatal error</b>:  Uncaught Error: Class 'leads\cls\profile_status' not found in /opt/lampp/htdocs/leads/worker/class/Robot.php:182
Stack trace:
#0 /opt/lampp/htdocs/leads/worker/class/Worker.php(101): leads\cls\Robot-&gt;do_robot_extract_leads(Object(InstagramAPI\Instagram), Object(stdClass), 'false')
#1 /opt/lampp/htdocs/leads/worker/scripts/all/index-do.php(19): leads\cls\Worker-&gt;do_work()
#2 {main}
  thrown in <b>/opt/lampp/htdocs/leads/worker/class/Robot.php</b> on line <b>182</b><br />
